2023-10-18 01:19:51,040 INFO    StreamThr :3106015 [internal.py:wandb_internal():86] W&B internal server running at pid: 3106015, started at: 2023-10-18 01:19:51.039051
2023-10-18 01:19:51,042 DEBUG   HandlerThread:3106015 [handler.py:handle_request():146] handle_request: status
2023-10-18 01:19:51,045 INFO    WriterThread:3106015 [datastore.py:open_for_write():85] open: /workspace/TCN/wandb/run-20231018_011933-oxg9ojzt/run-oxg9ojzt.wandb
2023-10-18 01:19:51,046 DEBUG   SenderThread:3106015 [sender.py:send():380] send: header
2023-10-18 01:19:51,046 DEBUG   SenderThread:3106015 [sender.py:send():380] send: run
2023-10-18 01:19:55,130 DEBUG   HandlerThread:3106015 [handler.py:handle_request():146] handle_request: keepalive
2023-10-18 01:19:56,619 INFO    SenderThread:3106015 [dir_watcher.py:__init__():211] watching files in: /workspace/TCN/wandb/run-20231018_011933-oxg9ojzt/files
2023-10-18 01:19:56,619 INFO    SenderThread:3106015 [sender.py:_start_run_threads():1122] run started: oxg9ojzt with start time 1697591990.106134
2023-10-18 01:19:56,620 DEBUG   HandlerThread:3106015 [handler.py:handle_request():146] handle_request: status_report
2023-10-18 01:19:56,643 DEBUG   HandlerThread:3106015 [handler.py:handle_request():146] handle_request: check_version
2023-10-18 01:19:56,643 DEBUG   SenderThread:3106015 [sender.py:send_request():407] send_request: check_version
2023-10-18 01:20:01,644 DEBUG   HandlerThread:3106015 [handler.py:handle_request():146] handle_request: keepalive
2023-10-18 01:20:01,645 DEBUG   HandlerThread:3106015 [handler.py:handle_request():146] handle_request: status_report
2023-10-18 01:20:01,698 DEBUG   HandlerThread:3106015 [handler.py:handle_request():146] handle_request: run_start
2023-10-18 01:20:01,699 DEBUG   HandlerThread:3106015 [system_info.py:__init__():32] System info init
2023-10-18 01:20:01,700 DEBUG   HandlerThread:3106015 [system_info.py:__init__():47] System info init done
2023-10-18 01:20:01,700 INFO    HandlerThread:3106015 [system_monitor.py:start():194] Starting system monitor
2023-10-18 01:20:01,700 INFO    SystemMonitor:3106015 [system_monitor.py:_start():158] Starting system asset monitoring threads
2023-10-18 01:20:01,700 INFO    HandlerThread:3106015 [system_monitor.py:probe():214] Collecting system info
2023-10-18 01:20:01,701 INFO    SystemMonitor:3106015 [interfaces.py:start():190] Started cpu monitoring
2023-10-18 01:20:01,702 INFO    SystemMonitor:3106015 [interfaces.py:start():190] Started disk monitoring
2023-10-18 01:20:01,703 INFO    SystemMonitor:3106015 [interfaces.py:start():190] Started gpu monitoring
2023-10-18 01:20:01,704 INFO    SystemMonitor:3106015 [interfaces.py:start():190] Started memory monitoring
2023-10-18 01:20:01,707 INFO    SystemMonitor:3106015 [interfaces.py:start():190] Started network monitoring
2023-10-18 01:20:01,765 DEBUG   HandlerThread:3106015 [system_info.py:probe():196] Probing system
2023-10-18 01:20:01,765 DEBUG   HandlerThread:3106015 [gitlib.py:_init_repo():53] git repository is invalid
2023-10-18 01:20:01,765 DEBUG   HandlerThread:3106015 [system_info.py:probe():244] Probing system done
2023-10-18 01:20:01,765 DEBUG   HandlerThread:3106015 [system_monitor.py:probe():223] {'os': 'Linux-5.15.0-83-generic-x86_64-with-glibc2.27', 'python': '3.10.8', 'heartbeatAt': '2023-10-18T01:20:01.765533', 'startedAt': '2023-10-18T01:19:33.407218', 'docker': None, 'cuda': None, 'args': (), 'state': 'running', 'program': '<python with no main file>', 'codePathLocal': None, 'host': '173c51123077', 'username': 'root', 'executable': '/opt/conda/bin/python', 'cpu_count': 32, 'cpu_count_logical': 64, 'cpu_freq': {'current': 2.8557812500000033, 'min': 1200.0, 'max': 3900.0}, 'cpu_freq_per_core': [{'current': 2.9, 'min': 1200.0, 'max': 3900.0}, {'current': 2.9, 'min': 1200.0, 'max': 3900.0}, {'current': 2.9, 'min': 1200.0, 'max': 3900.0}, {'current': 2.9, 'min': 1200.0, 'max': 3900.0}, {'current': 2.9, 'min': 1200.0, 'max': 3900.0}, {'current': 2.9, 'min': 1200.0, 'max': 3900.0}, {'current': 2.9, 'min': 1200.0, 'max': 3900.0}, {'current': 2.9, 'min': 1200.0, 'max': 3900.0}, {'current': 2.9, 'min': 1200.0, 'max': 3900.0}, {'current': 2.9, 'min': 1200.0, 'max': 3900.0}, {'current': 2.9, 'min': 1200.0, 'max': 3900.0}, {'current': 2.9, 'min': 1200.0, 'max': 3900.0}, {'current': 2.9, 'min': 1200.0, 'max': 3900.0}, {'current': 2.9, 'min': 1200.0, 'max': 3900.0}, {'current': 2.9, 'min': 1200.0, 'max': 3900.0}, {'current': 2.9, 'min': 1200.0, 'max': 3900.0}, {'current': 2.9, 'min': 1200.0, 'max': 3900.0}, {'current': 2.9, 'min': 1200.0, 'max': 3900.0}, {'current': 2.9, 'min': 1200.0, 'max': 3900.0}, {'current': 2.9, 'min': 1200.0, 'max': 3900.0}, {'current': 2.9, 'min': 1200.0, 'max': 3900.0}, {'current': 2.9, 'min': 1200.0, 'max': 3900.0}, {'current': 2.9, 'min': 1200.0, 'max': 3900.0}, {'current': 2.9, 'min': 1200.0, 'max': 3900.0}, {'current': 2.9, 'min': 1200.0, 'max': 3900.0}, {'current': 2.9, 'min': 1200.0, 'max': 3900.0}, {'current': 2.9, 'min': 1200.0, 'max': 3900.0}, {'current': 2.9, 'min': 1200.0, 'max': 3900.0}, {'current': 2.9, 'min': 1200.0, 'max': 3900.0}, {'current': 1.687, 'min': 1200.0, 'max': 3900.0}, {'current': 2.9, 'min': 1200.0, 'max': 3900.0}, {'current': 2.9, 'min': 1200.0, 'max': 3900.0}, {'current': 2.9, 'min': 1200.0, 'max': 3900.0}, {'current': 2.9, 'min': 1200.0, 'max': 3900.0}, {'current': 2.9, 'min': 1200.0, 'max': 3900.0}, {'current': 2.9, 'min': 1200.0, 'max': 3900.0}, {'current': 2.9, 'min': 1200.0, 'max': 3900.0}, {'current': 2.9, 'min': 1200.0, 'max': 3900.0}, {'current': 2.9, 'min': 1200.0, 'max': 3900.0}, {'current': 2.9, 'min': 1200.0, 'max': 3900.0}, {'current': 2.9, 'min': 1200.0, 'max': 3900.0}, {'current': 2.9, 'min': 1200.0, 'max': 3900.0}, {'current': 2.9, 'min': 1200.0, 'max': 3900.0}, {'current': 2.9, 'min': 1200.0, 'max': 3900.0}, {'current': 2.9, 'min': 1200.0, 'max': 3900.0}, {'current': 2.9, 'min': 1200.0, 'max': 3900.0}, {'current': 2.9, 'min': 1200.0, 'max': 3900.0}, {'current': 2.9, 'min': 1200.0, 'max': 3900.0}, {'current': 2.9, 'min': 1200.0, 'max': 3900.0}, {'current': 2.9, 'min': 1200.0, 'max': 3900.0}, {'current': 2.9, 'min': 1200.0, 'max': 3900.0}, {'current': 2.9, 'min': 1200.0, 'max': 3900.0}, {'current': 2.9, 'min': 1200.0, 'max': 3900.0}, {'current': 2.9, 'min': 1200.0, 'max': 3900.0}, {'current': 2.9, 'min': 1200.0, 'max': 3900.0}, {'current': 2.9, 'min': 1200.0, 'max': 3900.0}, {'current': 2.9, 'min': 1200.0, 'max': 3900.0}, {'current': 2.9, 'min': 1200.0, 'max': 3900.0}, {'current': 2.9, 'min': 1200.0, 'max': 3900.0}, {'current': 2.9, 'min': 1200.0, 'max': 3900.0}, {'current': 2.9, 'min': 1200.0, 'max': 3900.0}, {'current': 2.9, 'min': 1200.0, 'max': 3900.0}, {'current': 2.9, 'min': 1200.0, 'max': 3900.0}, {'current': 2.9, 'min': 1200.0, 'max': 3900.0}], 'disk': {'/': {'total': 459.6391830444336, 'used': 65.89778518676758}}, 'gpu': 'NVIDIA GeForce RTX 3090', 'gpu_count': 2, 'gpu_devices': [{'name': 'NVIDIA GeForce RTX 3090', 'memory_total': 25769803776}, {'name': 'NVIDIA GeForce RTX 3090', 'memory_total': 25769803776}], 'memory': {'total': 251.50527954101562}}
2023-10-18 01:20:01,766 INFO    HandlerThread:3106015 [system_monitor.py:probe():224] Finished collecting system info
2023-10-18 01:20:01,766 INFO    HandlerThread:3106015 [system_monitor.py:probe():227] Publishing system info
2023-10-18 01:20:01,766 DEBUG   HandlerThread:3106015 [system_info.py:_save_pip():52] Saving list of pip packages installed into the current environment
2023-10-18 01:20:01,766 DEBUG   HandlerThread:3106015 [system_info.py:_save_pip():68] Saving pip packages done
2023-10-18 01:20:01,766 DEBUG   HandlerThread:3106015 [system_info.py:_save_conda():75] Saving list of conda packages installed into the current environment
2023-10-18 01:20:02,623 INFO    Thread-73 :3106015 [dir_watcher.py:_on_file_created():271] file/dir created: /workspace/TCN/wandb/run-20231018_011933-oxg9ojzt/files/conda-environment.yaml
2023-10-18 01:20:02,624 INFO    Thread-73 :3106015 [dir_watcher.py:_on_file_created():271] file/dir created: /workspace/TCN/wandb/run-20231018_011933-oxg9ojzt/files/requirements.txt
2023-10-18 01:20:05,335 DEBUG   HandlerThread:3106015 [system_info.py:_save_conda():87] Saving conda packages done
2023-10-18 01:20:05,336 INFO    HandlerThread:3106015 [system_monitor.py:probe():229] Finished publishing system info
2023-10-18 01:20:05,337 DEBUG   SenderThread:3106015 [sender.py:send():380] send: files
2023-10-18 01:20:05,338 INFO    SenderThread:3106015 [sender.py:_save_file():1378] saving file wandb-metadata.json with policy now
2023-10-18 01:20:05,359 DEBUG   HandlerThread:3106015 [handler.py:handle_request():146] handle_request: stop_status
2023-10-18 01:20:05,359 DEBUG   SenderThread:3106015 [sender.py:send_request():407] send_request: stop_status
2023-10-18 01:20:05,363 DEBUG   HandlerThread:3106015 [handler.py:handle_request():146] handle_request: internal_messages
2023-10-18 01:20:05,623 INFO    Thread-73 :3106015 [dir_watcher.py:_on_file_modified():288] file/dir modified: /workspace/TCN/wandb/run-20231018_011933-oxg9ojzt/files/conda-environment.yaml
2023-10-18 01:20:05,623 INFO    Thread-73 :3106015 [dir_watcher.py:_on_file_created():271] file/dir created: /workspace/TCN/wandb/run-20231018_011933-oxg9ojzt/files/wandb-metadata.json
2023-10-18 01:20:06,579 DEBUG   HandlerThread:3106015 [handler.py:handle_request():146] handle_request: partial_history
2023-10-18 01:20:07,510 DEBUG   HandlerThread:3106015 [handler.py:handle_request():146] handle_request: partial_history
2023-10-18 01:20:08,465 DEBUG   HandlerThread:3106015 [handler.py:handle_request():146] handle_request: partial_history
2023-10-18 01:20:09,394 DEBUG   HandlerThread:3106015 [handler.py:handle_request():146] handle_request: partial_history
2023-10-18 01:20:10,310 DEBUG   HandlerThread:3106015 [handler.py:handle_request():146] handle_request: partial_history
2023-10-18 01:20:10,675 DEBUG   SenderThread:3106015 [sender.py:send():380] send: telemetry
2023-10-18 01:20:10,675 DEBUG   HandlerThread:3106015 [handler.py:handle_request():146] handle_request: status_report
2023-10-18 01:20:10,685 DEBUG   SenderThread:3106015 [sender.py:send():380] send: history
2023-10-18 01:20:10,685 DEBUG   SenderThread:3106015 [sender.py:send_request():407] send_request: summary_record
2023-10-18 01:20:10,687 INFO    SenderThread:3106015 [sender.py:_save_file():1378] saving file wandb-summary.json with policy end
2023-10-18 01:20:10,688 DEBUG   SenderThread:3106015 [sender.py:send():380] send: history
2023-10-18 01:20:10,688 DEBUG   SenderThread:3106015 [sender.py:send_request():407] send_request: summary_record
2023-10-18 01:20:10,688 INFO    SenderThread:3106015 [sender.py:_save_file():1378] saving file wandb-summary.json with policy end
2023-10-18 01:20:10,689 DEBUG   SenderThread:3106015 [sender.py:send():380] send: history
2023-10-18 01:20:10,689 DEBUG   SenderThread:3106015 [sender.py:send_request():407] send_request: summary_record
2023-10-18 01:20:10,689 INFO    SenderThread:3106015 [sender.py:_save_file():1378] saving file wandb-summary.json with policy end
2023-10-18 01:20:10,689 DEBUG   SenderThread:3106015 [sender.py:send():380] send: history
2023-10-18 01:20:10,690 DEBUG   SenderThread:3106015 [sender.py:send_request():407] send_request: summary_record
2023-10-18 01:20:10,690 INFO    SenderThread:3106015 [sender.py:_save_file():1378] saving file wandb-summary.json with policy end
2023-10-18 01:20:10,690 DEBUG   SenderThread:3106015 [sender.py:send():380] send: history
2023-10-18 01:20:10,690 DEBUG   SenderThread:3106015 [sender.py:send_request():407] send_request: summary_record
2023-10-18 01:20:10,691 INFO    SenderThread:3106015 [sender.py:_save_file():1378] saving file wandb-summary.json with policy end
2023-10-18 01:20:11,235 DEBUG   HandlerThread:3106015 [handler.py:handle_request():146] handle_request: partial_history
2023-10-18 01:20:11,238 DEBUG   SenderThread:3106015 [sender.py:send():380] send: history
2023-10-18 01:20:11,238 DEBUG   SenderThread:3106015 [sender.py:send_request():407] send_request: summary_record
2023-10-18 01:20:11,238 INFO    SenderThread:3106015 [sender.py:_save_file():1378] saving file wandb-summary.json with policy end
2023-10-18 01:20:11,267 INFO    wandb-upload_0:3106015 [upload_job.py:push():131] Uploaded file /tmp/tmpdfjzpz_6wandb/r5u2gpvl-wandb-metadata.json
2023-10-18 01:20:11,625 INFO    Thread-73 :3106015 [dir_watcher.py:_on_file_created():271] file/dir created: /workspace/TCN/wandb/run-20231018_011933-oxg9ojzt/files/wandb-summary.json
2023-10-18 01:20:11,625 INFO    Thread-73 :3106015 [dir_watcher.py:_on_file_created():271] file/dir created: /workspace/TCN/wandb/run-20231018_011933-oxg9ojzt/files/output.log
2023-10-18 01:20:12,183 DEBUG   HandlerThread:3106015 [handler.py:handle_request():146] handle_request: partial_history
2023-10-18 01:20:12,185 DEBUG   SenderThread:3106015 [sender.py:send():380] send: history
2023-10-18 01:20:12,185 DEBUG   SenderThread:3106015 [sender.py:send_request():407] send_request: summary_record
2023-10-18 01:20:12,185 INFO    SenderThread:3106015 [sender.py:_save_file():1378] saving file wandb-summary.json with policy end
2023-10-18 01:20:12,625 INFO    Thread-73 :3106015 [dir_watcher.py:_on_file_modified():288] file/dir modified: /workspace/TCN/wandb/run-20231018_011933-oxg9ojzt/files/wandb-summary.json
2023-10-18 01:20:13,157 DEBUG   HandlerThread:3106015 [handler.py:handle_request():146] handle_request: partial_history
2023-10-18 01:20:13,158 DEBUG   SenderThread:3106015 [sender.py:send():380] send: history
2023-10-18 01:20:13,159 DEBUG   SenderThread:3106015 [sender.py:send_request():407] send_request: summary_record
2023-10-18 01:20:13,159 INFO    SenderThread:3106015 [sender.py:_save_file():1378] saving file wandb-summary.json with policy end
2023-10-18 01:20:13,626 INFO    Thread-73 :3106015 [dir_watcher.py:_on_file_modified():288] file/dir modified: /workspace/TCN/wandb/run-20231018_011933-oxg9ojzt/files/wandb-summary.json
2023-10-18 01:20:13,626 INFO    Thread-73 :3106015 [dir_watcher.py:_on_file_modified():288] file/dir modified: /workspace/TCN/wandb/run-20231018_011933-oxg9ojzt/files/output.log
2023-10-18 01:20:14,197 DEBUG   HandlerThread:3106015 [handler.py:handle_request():146] handle_request: partial_history
2023-10-18 01:20:14,198 DEBUG   SenderThread:3106015 [sender.py:send():380] send: history
2023-10-18 01:20:14,199 DEBUG   SenderThread:3106015 [sender.py:send_request():407] send_request: summary_record
2023-10-18 01:20:14,199 INFO    SenderThread:3106015 [sender.py:_save_file():1378] saving file wandb-summary.json with policy end
2023-10-18 01:20:14,626 INFO    Thread-73 :3106015 [dir_watcher.py:_on_file_modified():288] file/dir modified: /workspace/TCN/wandb/run-20231018_011933-oxg9ojzt/files/wandb-summary.json
2023-10-18 01:20:15,141 DEBUG   HandlerThread:3106015 [handler.py:handle_request():146] handle_request: partial_history
2023-10-18 01:20:15,143 DEBUG   SenderThread:3106015 [sender.py:send():380] send: history
2023-10-18 01:20:15,143 DEBUG   SenderThread:3106015 [sender.py:send_request():407] send_request: summary_record
2023-10-18 01:20:15,144 INFO    SenderThread:3106015 [sender.py:_save_file():1378] saving file wandb-summary.json with policy end
2023-10-18 01:20:15,627 INFO    Thread-73 :3106015 [dir_watcher.py:_on_file_modified():288] file/dir modified: /workspace/TCN/wandb/run-20231018_011933-oxg9ojzt/files/wandb-summary.json
2023-10-18 01:20:15,627 INFO    Thread-73 :3106015 [dir_watcher.py:_on_file_modified():288] file/dir modified: /workspace/TCN/wandb/run-20231018_011933-oxg9ojzt/files/output.log
2023-10-18 01:20:16,103 DEBUG   HandlerThread:3106015 [handler.py:handle_request():146] handle_request: partial_history
2023-10-18 01:20:16,104 DEBUG   HandlerThread:3106015 [handler.py:handle_request():146] handle_request: status_report
2023-10-18 01:20:16,105 DEBUG   SenderThread:3106015 [sender.py:send():380] send: history
2023-10-18 01:20:16,105 DEBUG   SenderThread:3106015 [sender.py:send_request():407] send_request: summary_record
2023-10-18 01:20:16,105 INFO    SenderThread:3106015 [sender.py:_save_file():1378] saving file wandb-summary.json with policy end
2023-10-18 01:20:16,627 INFO    Thread-73 :3106015 [dir_watcher.py:_on_file_modified():288] file/dir modified: /workspace/TCN/wandb/run-20231018_011933-oxg9ojzt/files/wandb-summary.json
2023-10-18 01:20:17,058 DEBUG   HandlerThread:3106015 [handler.py:handle_request():146] handle_request: partial_history
2023-10-18 01:20:17,059 DEBUG   SenderThread:3106015 [sender.py:send():380] send: history
2023-10-18 01:20:17,060 DEBUG   SenderThread:3106015 [sender.py:send_request():407] send_request: summary_record
2023-10-18 01:20:17,060 INFO    SenderThread:3106015 [sender.py:_save_file():1378] saving file wandb-summary.json with policy end
2023-10-18 01:20:17,627 INFO    Thread-73 :3106015 [dir_watcher.py:_on_file_modified():288] file/dir modified: /workspace/TCN/wandb/run-20231018_011933-oxg9ojzt/files/wandb-summary.json
2023-10-18 01:20:17,628 INFO    Thread-73 :3106015 [dir_watcher.py:_on_file_modified():288] file/dir modified: /workspace/TCN/wandb/run-20231018_011933-oxg9ojzt/files/output.log
2023-10-18 01:20:17,966 DEBUG   HandlerThread:3106015 [handler.py:handle_request():146] handle_request: partial_history
2023-10-18 01:20:17,967 DEBUG   SenderThread:3106015 [sender.py:send():380] send: history
2023-10-18 01:20:17,968 DEBUG   SenderThread:3106015 [sender.py:send_request():407] send_request: summary_record
2023-10-18 01:20:17,968 INFO    SenderThread:3106015 [sender.py:_save_file():1378] saving file wandb-summary.json with policy end
2023-10-18 01:20:18,628 INFO    Thread-73 :3106015 [dir_watcher.py:_on_file_modified():288] file/dir modified: /workspace/TCN/wandb/run-20231018_011933-oxg9ojzt/files/wandb-summary.json
2023-10-18 01:20:18,876 DEBUG   HandlerThread:3106015 [handler.py:handle_request():146] handle_request: partial_history
2023-10-18 01:20:18,878 DEBUG   SenderThread:3106015 [sender.py:send():380] send: history
2023-10-18 01:20:18,878 DEBUG   SenderThread:3106015 [sender.py:send_request():407] send_request: summary_record
2023-10-18 01:20:18,878 INFO    SenderThread:3106015 [sender.py:_save_file():1378] saving file wandb-summary.json with policy end
2023-10-18 01:20:19,628 INFO    Thread-73 :3106015 [dir_watcher.py:_on_file_modified():288] file/dir modified: /workspace/TCN/wandb/run-20231018_011933-oxg9ojzt/files/wandb-summary.json
2023-10-18 01:20:19,629 INFO    Thread-73 :3106015 [dir_watcher.py:_on_file_modified():288] file/dir modified: /workspace/TCN/wandb/run-20231018_011933-oxg9ojzt/files/output.log
2023-10-18 01:20:19,844 DEBUG   HandlerThread:3106015 [handler.py:handle_request():146] handle_request: partial_history
2023-10-18 01:20:19,846 DEBUG   SenderThread:3106015 [sender.py:send():380] send: history
2023-10-18 01:20:19,846 DEBUG   SenderThread:3106015 [sender.py:send_request():407] send_request: summary_record
2023-10-18 01:20:19,847 INFO    SenderThread:3106015 [sender.py:_save_file():1378] saving file wandb-summary.json with policy end
2023-10-18 01:20:20,359 DEBUG   HandlerThread:3106015 [handler.py:handle_request():146] handle_request: stop_status
2023-10-18 01:20:20,360 DEBUG   HandlerThread:3106015 [handler.py:handle_request():146] handle_request: internal_messages
2023-10-18 01:20:20,360 DEBUG   HandlerThread:3106015 [handler.py:handle_request():146] handle_request: keepalive
2023-10-18 01:20:20,361 DEBUG   SenderThread:3106015 [sender.py:send_request():407] send_request: stop_status
2023-10-18 01:20:20,629 INFO    Thread-73 :3106015 [dir_watcher.py:_on_file_modified():288] file/dir modified: /workspace/TCN/wandb/run-20231018_011933-oxg9ojzt/files/wandb-summary.json
2023-10-18 01:20:20,818 DEBUG   HandlerThread:3106015 [handler.py:handle_request():146] handle_request: partial_history
2023-10-18 01:20:20,820 DEBUG   SenderThread:3106015 [sender.py:send():380] send: history
2023-10-18 01:20:20,820 DEBUG   SenderThread:3106015 [sender.py:send_request():407] send_request: summary_record
2023-10-18 01:20:20,821 INFO    SenderThread:3106015 [sender.py:_save_file():1378] saving file wandb-summary.json with policy end
2023-10-18 01:20:21,629 INFO    Thread-73 :3106015 [dir_watcher.py:_on_file_modified():288] file/dir modified: /workspace/TCN/wandb/run-20231018_011933-oxg9ojzt/files/wandb-summary.json
2023-10-18 01:20:21,630 INFO    Thread-73 :3106015 [dir_watcher.py:_on_file_modified():288] file/dir modified: /workspace/TCN/wandb/run-20231018_011933-oxg9ojzt/files/output.log
2023-10-18 01:20:21,706 DEBUG   HandlerThread:3106015 [handler.py:handle_request():146] handle_request: partial_history
2023-10-18 01:20:21,712 DEBUG   HandlerThread:3106015 [handler.py:handle_request():146] handle_request: status_report
2023-10-18 01:20:21,961 DEBUG   SenderThread:3106015 [sender.py:send():380] send: history
2023-10-18 01:20:21,962 DEBUG   SenderThread:3106015 [sender.py:send_request():407] send_request: summary_record
2023-10-18 01:20:21,962 INFO    SenderThread:3106015 [sender.py:_save_file():1378] saving file wandb-summary.json with policy end
2023-10-18 01:20:22,630 INFO    Thread-73 :3106015 [dir_watcher.py:_on_file_modified():288] file/dir modified: /workspace/TCN/wandb/run-20231018_011933-oxg9ojzt/files/wandb-summary.json
2023-10-18 01:20:22,630 INFO    Thread-73 :3106015 [dir_watcher.py:_on_file_modified():288] file/dir modified: /workspace/TCN/wandb/run-20231018_011933-oxg9ojzt/files/config.yaml
2023-10-18 01:20:22,658 DEBUG   HandlerThread:3106015 [handler.py:handle_request():146] handle_request: partial_history
2023-10-18 01:20:22,660 DEBUG   SenderThread:3106015 [sender.py:send():380] send: history
2023-10-18 01:20:22,661 DEBUG   SenderThread:3106015 [sender.py:send_request():407] send_request: summary_record
2023-10-18 01:20:22,661 INFO    SenderThread:3106015 [sender.py:_save_file():1378] saving file wandb-summary.json with policy end
2023-10-18 01:20:23,569 DEBUG   HandlerThread:3106015 [handler.py:handle_request():146] handle_request: partial_history
2023-10-18 01:20:23,571 DEBUG   SenderThread:3106015 [sender.py:send():380] send: history
2023-10-18 01:20:23,572 DEBUG   SenderThread:3106015 [sender.py:send_request():407] send_request: summary_record
2023-10-18 01:20:23,572 INFO    SenderThread:3106015 [sender.py:_save_file():1378] saving file wandb-summary.json with policy end
2023-10-18 01:20:23,631 INFO    Thread-73 :3106015 [dir_watcher.py:_on_file_modified():288] file/dir modified: /workspace/TCN/wandb/run-20231018_011933-oxg9ojzt/files/wandb-summary.json
2023-10-18 01:20:23,631 INFO    Thread-73 :3106015 [dir_watcher.py:_on_file_modified():288] file/dir modified: /workspace/TCN/wandb/run-20231018_011933-oxg9ojzt/files/output.log
2023-10-18 01:20:24,504 DEBUG   HandlerThread:3106015 [handler.py:handle_request():146] handle_request: partial_history
2023-10-18 01:20:24,505 DEBUG   SenderThread:3106015 [sender.py:send():380] send: history
2023-10-18 01:20:24,506 DEBUG   SenderThread:3106015 [sender.py:send_request():407] send_request: summary_record
2023-10-18 01:20:24,506 INFO    SenderThread:3106015 [sender.py:_save_file():1378] saving file wandb-summary.json with policy end
2023-10-18 01:20:24,631 INFO    Thread-73 :3106015 [dir_watcher.py:_on_file_modified():288] file/dir modified: /workspace/TCN/wandb/run-20231018_011933-oxg9ojzt/files/wandb-summary.json
2023-10-18 01:20:25,493 DEBUG   HandlerThread:3106015 [handler.py:handle_request():146] handle_request: partial_history
2023-10-18 01:20:25,494 DEBUG   SenderThread:3106015 [sender.py:send():380] send: history
2023-10-18 01:20:25,495 DEBUG   SenderThread:3106015 [sender.py:send_request():407] send_request: summary_record
2023-10-18 01:20:25,495 INFO    SenderThread:3106015 [sender.py:_save_file():1378] saving file wandb-summary.json with policy end
2023-10-18 01:20:25,631 INFO    Thread-73 :3106015 [dir_watcher.py:_on_file_modified():288] file/dir modified: /workspace/TCN/wandb/run-20231018_011933-oxg9ojzt/files/wandb-summary.json
2023-10-18 01:20:25,632 INFO    Thread-73 :3106015 [dir_watcher.py:_on_file_modified():288] file/dir modified: /workspace/TCN/wandb/run-20231018_011933-oxg9ojzt/files/output.log
2023-10-18 01:20:26,501 DEBUG   HandlerThread:3106015 [handler.py:handle_request():146] handle_request: partial_history
2023-10-18 01:20:26,502 DEBUG   SenderThread:3106015 [sender.py:send():380] send: history
2023-10-18 01:20:26,502 DEBUG   SenderThread:3106015 [sender.py:send_request():407] send_request: summary_record
2023-10-18 01:20:26,503 INFO    SenderThread:3106015 [sender.py:_save_file():1378] saving file wandb-summary.json with policy end
2023-10-18 01:20:26,632 INFO    Thread-73 :3106015 [dir_watcher.py:_on_file_modified():288] file/dir modified: /workspace/TCN/wandb/run-20231018_011933-oxg9ojzt/files/wandb-summary.json
2023-10-18 01:20:27,453 DEBUG   HandlerThread:3106015 [handler.py:handle_request():146] handle_request: status_report
2023-10-18 01:20:27,454 DEBUG   HandlerThread:3106015 [handler.py:handle_request():146] handle_request: partial_history
2023-10-18 01:20:27,455 DEBUG   SenderThread:3106015 [sender.py:send():380] send: history
2023-10-18 01:20:27,455 DEBUG   SenderThread:3106015 [sender.py:send_request():407] send_request: summary_record
2023-10-18 01:20:27,455 INFO    SenderThread:3106015 [sender.py:_save_file():1378] saving file wandb-summary.json with policy end
2023-10-18 01:20:27,632 INFO    Thread-73 :3106015 [dir_watcher.py:_on_file_modified():288] file/dir modified: /workspace/TCN/wandb/run-20231018_011933-oxg9ojzt/files/wandb-summary.json
2023-10-18 01:20:27,633 INFO    Thread-73 :3106015 [dir_watcher.py:_on_file_modified():288] file/dir modified: /workspace/TCN/wandb/run-20231018_011933-oxg9ojzt/files/output.log
2023-10-18 01:20:28,371 DEBUG   HandlerThread:3106015 [handler.py:handle_request():146] handle_request: partial_history
2023-10-18 01:20:28,372 DEBUG   SenderThread:3106015 [sender.py:send():380] send: history
2023-10-18 01:20:28,373 DEBUG   SenderThread:3106015 [sender.py:send_request():407] send_request: summary_record
2023-10-18 01:20:28,373 INFO    SenderThread:3106015 [sender.py:_save_file():1378] saving file wandb-summary.json with policy end
2023-10-18 01:20:28,633 INFO    Thread-73 :3106015 [dir_watcher.py:_on_file_modified():288] file/dir modified: /workspace/TCN/wandb/run-20231018_011933-oxg9ojzt/files/wandb-summary.json
2023-10-18 01:20:29,369 DEBUG   HandlerThread:3106015 [handler.py:handle_request():146] handle_request: partial_history
2023-10-18 01:20:29,370 DEBUG   SenderThread:3106015 [sender.py:send():380] send: history
2023-10-18 01:20:29,371 DEBUG   SenderThread:3106015 [sender.py:send_request():407] send_request: summary_record
2023-10-18 01:20:29,371 INFO    SenderThread:3106015 [sender.py:_save_file():1378] saving file wandb-summary.json with policy end
2023-10-18 01:20:29,633 INFO    Thread-73 :3106015 [dir_watcher.py:_on_file_modified():288] file/dir modified: /workspace/TCN/wandb/run-20231018_011933-oxg9ojzt/files/wandb-summary.json
2023-10-18 01:20:29,633 INFO    Thread-73 :3106015 [dir_watcher.py:_on_file_modified():288] file/dir modified: /workspace/TCN/wandb/run-20231018_011933-oxg9ojzt/files/output.log
2023-10-18 01:20:30,300 DEBUG   HandlerThread:3106015 [handler.py:handle_request():146] handle_request: partial_history
2023-10-18 01:20:30,302 DEBUG   SenderThread:3106015 [sender.py:send():380] send: history
2023-10-18 01:20:30,302 DEBUG   SenderThread:3106015 [sender.py:send_request():407] send_request: summary_record
2023-10-18 01:20:30,303 INFO    SenderThread:3106015 [sender.py:_save_file():1378] saving file wandb-summary.json with policy end
2023-10-18 01:20:30,633 INFO    Thread-73 :3106015 [dir_watcher.py:_on_file_modified():288] file/dir modified: /workspace/TCN/wandb/run-20231018_011933-oxg9ojzt/files/wandb-summary.json
2023-10-18 01:20:31,249 DEBUG   HandlerThread:3106015 [handler.py:handle_request():146] handle_request: partial_history
2023-10-18 01:20:31,250 DEBUG   SenderThread:3106015 [sender.py:send():380] send: history
2023-10-18 01:20:31,251 DEBUG   SenderThread:3106015 [sender.py:send_request():407] send_request: summary_record
2023-10-18 01:20:31,254 INFO    SenderThread:3106015 [sender.py:_save_file():1378] saving file wandb-summary.json with policy end
2023-10-18 01:20:31,634 INFO    Thread-73 :3106015 [dir_watcher.py:_on_file_modified():288] file/dir modified: /workspace/TCN/wandb/run-20231018_011933-oxg9ojzt/files/wandb-summary.json
2023-10-18 01:20:31,634 INFO    Thread-73 :3106015 [dir_watcher.py:_on_file_modified():288] file/dir modified: /workspace/TCN/wandb/run-20231018_011933-oxg9ojzt/files/output.log
2023-10-18 01:20:32,221 DEBUG   HandlerThread:3106015 [handler.py:handle_request():146] handle_request: partial_history
2023-10-18 01:20:32,224 DEBUG   SenderThread:3106015 [sender.py:send():380] send: history
2023-10-18 01:20:32,224 DEBUG   SenderThread:3106015 [sender.py:send_request():407] send_request: summary_record
2023-10-18 01:20:32,225 INFO    SenderThread:3106015 [sender.py:_save_file():1378] saving file wandb-summary.json with policy end
2023-10-18 01:20:32,634 INFO    Thread-73 :3106015 [dir_watcher.py:_on_file_modified():288] file/dir modified: /workspace/TCN/wandb/run-20231018_011933-oxg9ojzt/files/wandb-summary.json
2023-10-18 01:20:33,160 DEBUG   HandlerThread:3106015 [handler.py:handle_request():146] handle_request: partial_history
2023-10-18 01:20:33,161 DEBUG   HandlerThread:3106015 [handler.py:handle_request():146] handle_request: status_report
2023-10-18 01:20:33,162 DEBUG   SenderThread:3106015 [sender.py:send():380] send: history
2023-10-18 01:20:33,163 DEBUG   SenderThread:3106015 [sender.py:send_request():407] send_request: summary_record
2023-10-18 01:20:33,163 INFO    SenderThread:3106015 [sender.py:_save_file():1378] saving file wandb-summary.json with policy end
2023-10-18 01:20:33,635 INFO    Thread-73 :3106015 [dir_watcher.py:_on_file_modified():288] file/dir modified: /workspace/TCN/wandb/run-20231018_011933-oxg9ojzt/files/wandb-summary.json
2023-10-18 01:20:33,635 INFO    Thread-73 :3106015 [dir_watcher.py:_on_file_modified():288] file/dir modified: /workspace/TCN/wandb/run-20231018_011933-oxg9ojzt/files/output.log
2023-10-18 01:20:34,106 DEBUG   HandlerThread:3106015 [handler.py:handle_request():146] handle_request: partial_history
2023-10-18 01:20:34,108 DEBUG   SenderThread:3106015 [sender.py:send():380] send: history
2023-10-18 01:20:34,109 DEBUG   SenderThread:3106015 [sender.py:send_request():407] send_request: summary_record
2023-10-18 01:20:34,112 INFO    SenderThread:3106015 [sender.py:_save_file():1378] saving file wandb-summary.json with policy end
2023-10-18 01:20:34,635 INFO    Thread-73 :3106015 [dir_watcher.py:_on_file_modified():288] file/dir modified: /workspace/TCN/wandb/run-20231018_011933-oxg9ojzt/files/wandb-summary.json
2023-10-18 01:20:35,039 DEBUG   HandlerThread:3106015 [handler.py:handle_request():146] handle_request: partial_history
2023-10-18 01:20:35,040 DEBUG   SenderThread:3106015 [sender.py:send():380] send: history
2023-10-18 01:20:35,041 DEBUG   SenderThread:3106015 [sender.py:send_request():407] send_request: summary_record
2023-10-18 01:20:35,041 INFO    SenderThread:3106015 [sender.py:_save_file():1378] saving file wandb-summary.json with policy end
2023-10-18 01:20:35,359 DEBUG   HandlerThread:3106015 [handler.py:handle_request():146] handle_request: stop_status
2023-10-18 01:20:35,360 DEBUG   HandlerThread:3106015 [handler.py:handle_request():146] handle_request: internal_messages
2023-10-18 01:20:35,361 DEBUG   SenderThread:3106015 [sender.py:send_request():407] send_request: stop_status
2023-10-18 01:20:35,635 INFO    Thread-73 :3106015 [dir_watcher.py:_on_file_modified():288] file/dir modified: /workspace/TCN/wandb/run-20231018_011933-oxg9ojzt/files/wandb-summary.json
2023-10-18 01:20:35,636 INFO    Thread-73 :3106015 [dir_watcher.py:_on_file_modified():288] file/dir modified: /workspace/TCN/wandb/run-20231018_011933-oxg9ojzt/files/output.log
2023-10-18 01:20:36,030 DEBUG   HandlerThread:3106015 [handler.py:handle_request():146] handle_request: partial_history
2023-10-18 01:20:36,032 DEBUG   SenderThread:3106015 [sender.py:send():380] send: history
2023-10-18 01:20:36,033 DEBUG   SenderThread:3106015 [sender.py:send_request():407] send_request: summary_record
2023-10-18 01:20:36,033 INFO    SenderThread:3106015 [sender.py:_save_file():1378] saving file wandb-summary.json with policy end
2023-10-18 01:20:36,636 INFO    Thread-73 :3106015 [dir_watcher.py:_on_file_modified():288] file/dir modified: /workspace/TCN/wandb/run-20231018_011933-oxg9ojzt/files/wandb-summary.json
2023-10-18 01:20:36,969 DEBUG   HandlerThread:3106015 [handler.py:handle_request():146] handle_request: partial_history
2023-10-18 01:20:36,970 DEBUG   SenderThread:3106015 [sender.py:send():380] send: history
2023-10-18 01:20:36,971 DEBUG   SenderThread:3106015 [sender.py:send_request():407] send_request: summary_record
2023-10-18 01:20:36,971 INFO    SenderThread:3106015 [sender.py:_save_file():1378] saving file wandb-summary.json with policy end
2023-10-18 01:20:37,636 INFO    Thread-73 :3106015 [dir_watcher.py:_on_file_modified():288] file/dir modified: /workspace/TCN/wandb/run-20231018_011933-oxg9ojzt/files/wandb-summary.json
2023-10-18 01:20:37,637 INFO    Thread-73 :3106015 [dir_watcher.py:_on_file_modified():288] file/dir modified: /workspace/TCN/wandb/run-20231018_011933-oxg9ojzt/files/output.log
2023-10-18 01:20:37,918 DEBUG   HandlerThread:3106015 [handler.py:handle_request():146] handle_request: partial_history
2023-10-18 01:20:37,919 DEBUG   SenderThread:3106015 [sender.py:send():380] send: history
2023-10-18 01:20:37,920 DEBUG   SenderThread:3106015 [sender.py:send_request():407] send_request: summary_record
2023-10-18 01:20:37,920 INFO    SenderThread:3106015 [sender.py:_save_file():1378] saving file wandb-summary.json with policy end
2023-10-18 01:20:38,637 INFO    Thread-73 :3106015 [dir_watcher.py:_on_file_modified():288] file/dir modified: /workspace/TCN/wandb/run-20231018_011933-oxg9ojzt/files/wandb-summary.json
2023-10-18 01:20:38,828 DEBUG   HandlerThread:3106015 [handler.py:handle_request():146] handle_request: partial_history
2023-10-18 01:20:38,829 DEBUG   HandlerThread:3106015 [handler.py:handle_request():146] handle_request: status_report
2023-10-18 01:20:38,830 DEBUG   SenderThread:3106015 [sender.py:send():380] send: history
2023-10-18 01:20:38,831 DEBUG   SenderThread:3106015 [sender.py:send_request():407] send_request: summary_record
2023-10-18 01:20:38,831 INFO    SenderThread:3106015 [sender.py:_save_file():1378] saving file wandb-summary.json with policy end
2023-10-18 01:20:39,637 INFO    Thread-73 :3106015 [dir_watcher.py:_on_file_modified():288] file/dir modified: /workspace/TCN/wandb/run-20231018_011933-oxg9ojzt/files/wandb-summary.json
2023-10-18 01:20:39,638 INFO    Thread-73 :3106015 [dir_watcher.py:_on_file_modified():288] file/dir modified: /workspace/TCN/wandb/run-20231018_011933-oxg9ojzt/files/output.log
2023-10-18 01:20:39,743 DEBUG   HandlerThread:3106015 [handler.py:handle_request():146] handle_request: partial_history
2023-10-18 01:20:39,744 DEBUG   SenderThread:3106015 [sender.py:send():380] send: history
2023-10-18 01:20:39,745 DEBUG   SenderThread:3106015 [sender.py:send_request():407] send_request: summary_record
2023-10-18 01:20:39,745 INFO    SenderThread:3106015 [sender.py:_save_file():1378] saving file wandb-summary.json with policy end
2023-10-18 01:20:40,638 INFO    Thread-73 :3106015 [dir_watcher.py:_on_file_modified():288] file/dir modified: /workspace/TCN/wandb/run-20231018_011933-oxg9ojzt/files/wandb-summary.json
2023-10-18 01:20:40,680 DEBUG   HandlerThread:3106015 [handler.py:handle_request():146] handle_request: partial_history
2023-10-18 01:20:40,682 DEBUG   SenderThread:3106015 [sender.py:send():380] send: history
2023-10-18 01:20:40,682 DEBUG   SenderThread:3106015 [sender.py:send_request():407] send_request: summary_record
2023-10-18 01:20:40,683 INFO    SenderThread:3106015 [sender.py:_save_file():1378] saving file wandb-summary.json with policy end
2023-10-18 01:20:41,608 DEBUG   HandlerThread:3106015 [handler.py:handle_request():146] handle_request: partial_history
2023-10-18 01:20:41,611 DEBUG   SenderThread:3106015 [sender.py:send():380] send: history
2023-10-18 01:20:41,611 DEBUG   SenderThread:3106015 [sender.py:send_request():407] send_request: summary_record
2023-10-18 01:20:41,611 INFO    SenderThread:3106015 [sender.py:_save_file():1378] saving file wandb-summary.json with policy end
2023-10-18 01:20:41,638 INFO    Thread-73 :3106015 [dir_watcher.py:_on_file_modified():288] file/dir modified: /workspace/TCN/wandb/run-20231018_011933-oxg9ojzt/files/wandb-summary.json
2023-10-18 01:20:41,639 INFO    Thread-73 :3106015 [dir_watcher.py:_on_file_modified():288] file/dir modified: /workspace/TCN/wandb/run-20231018_011933-oxg9ojzt/files/output.log
2023-10-18 01:20:42,512 DEBUG   HandlerThread:3106015 [handler.py:handle_request():146] handle_request: partial_history
2023-10-18 01:20:42,514 DEBUG   SenderThread:3106015 [sender.py:send():380] send: history
2023-10-18 01:20:42,514 DEBUG   SenderThread:3106015 [sender.py:send_request():407] send_request: summary_record
2023-10-18 01:20:42,515 INFO    SenderThread:3106015 [sender.py:_save_file():1378] saving file wandb-summary.json with policy end
2023-10-18 01:20:42,639 INFO    Thread-73 :3106015 [dir_watcher.py:_on_file_modified():288] file/dir modified: /workspace/TCN/wandb/run-20231018_011933-oxg9ojzt/files/wandb-summary.json
2023-10-18 01:20:43,411 DEBUG   HandlerThread:3106015 [handler.py:handle_request():146] handle_request: partial_history
2023-10-18 01:20:43,413 DEBUG   SenderThread:3106015 [sender.py:send():380] send: history
2023-10-18 01:20:43,413 DEBUG   SenderThread:3106015 [sender.py:send_request():407] send_request: summary_record
2023-10-18 01:20:43,414 INFO    SenderThread:3106015 [sender.py:_save_file():1378] saving file wandb-summary.json with policy end
2023-10-18 01:20:43,639 INFO    Thread-73 :3106015 [dir_watcher.py:_on_file_modified():288] file/dir modified: /workspace/TCN/wandb/run-20231018_011933-oxg9ojzt/files/wandb-summary.json
2023-10-18 01:20:43,640 INFO    Thread-73 :3106015 [dir_watcher.py:_on_file_modified():288] file/dir modified: /workspace/TCN/wandb/run-20231018_011933-oxg9ojzt/files/output.log
2023-10-18 01:20:44,415 DEBUG   HandlerThread:3106015 [handler.py:handle_request():146] handle_request: partial_history
2023-10-18 01:20:44,416 DEBUG   HandlerThread:3106015 [handler.py:handle_request():146] handle_request: status_report
2023-10-18 01:20:44,417 DEBUG   SenderThread:3106015 [sender.py:send():380] send: history
2023-10-18 01:20:44,417 DEBUG   SenderThread:3106015 [sender.py:send_request():407] send_request: summary_record
2023-10-18 01:20:44,418 INFO    SenderThread:3106015 [sender.py:_save_file():1378] saving file wandb-summary.json with policy end
2023-10-18 01:20:44,640 INFO    Thread-73 :3106015 [dir_watcher.py:_on_file_modified():288] file/dir modified: /workspace/TCN/wandb/run-20231018_011933-oxg9ojzt/files/wandb-summary.json
2023-10-18 01:20:45,382 DEBUG   HandlerThread:3106015 [handler.py:handle_request():146] handle_request: partial_history
2023-10-18 01:20:45,384 DEBUG   SenderThread:3106015 [sender.py:send():380] send: history
2023-10-18 01:20:45,384 DEBUG   SenderThread:3106015 [sender.py:send_request():407] send_request: summary_record
2023-10-18 01:20:45,385 INFO    SenderThread:3106015 [sender.py:_save_file():1378] saving file wandb-summary.json with policy end
2023-10-18 01:20:45,640 INFO    Thread-73 :3106015 [dir_watcher.py:_on_file_modified():288] file/dir modified: /workspace/TCN/wandb/run-20231018_011933-oxg9ojzt/files/wandb-summary.json
2023-10-18 01:20:45,640 INFO    Thread-73 :3106015 [dir_watcher.py:_on_file_modified():288] file/dir modified: /workspace/TCN/wandb/run-20231018_011933-oxg9ojzt/files/output.log
2023-10-18 01:20:46,318 DEBUG   HandlerThread:3106015 [handler.py:handle_request():146] handle_request: partial_history
2023-10-18 01:20:46,320 DEBUG   SenderThread:3106015 [sender.py:send():380] send: history
2023-10-18 01:20:46,321 DEBUG   SenderThread:3106015 [sender.py:send_request():407] send_request: summary_record
2023-10-18 01:20:46,321 INFO    SenderThread:3106015 [sender.py:_save_file():1378] saving file wandb-summary.json with policy end
2023-10-18 01:20:46,640 INFO    Thread-73 :3106015 [dir_watcher.py:_on_file_modified():288] file/dir modified: /workspace/TCN/wandb/run-20231018_011933-oxg9ojzt/files/wandb-summary.json
2023-10-18 01:20:47,230 DEBUG   HandlerThread:3106015 [handler.py:handle_request():146] handle_request: partial_history
2023-10-18 01:20:47,232 DEBUG   SenderThread:3106015 [sender.py:send():380] send: history
2023-10-18 01:20:47,232 DEBUG   SenderThread:3106015 [sender.py:send_request():407] send_request: summary_record
2023-10-18 01:20:47,233 INFO    SenderThread:3106015 [sender.py:_save_file():1378] saving file wandb-summary.json with policy end
2023-10-18 01:20:47,641 INFO    Thread-73 :3106015 [dir_watcher.py:_on_file_modified():288] file/dir modified: /workspace/TCN/wandb/run-20231018_011933-oxg9ojzt/files/wandb-summary.json
2023-10-18 01:20:47,641 INFO    Thread-73 :3106015 [dir_watcher.py:_on_file_modified():288] file/dir modified: /workspace/TCN/wandb/run-20231018_011933-oxg9ojzt/files/output.log
2023-10-18 01:20:48,129 DEBUG   HandlerThread:3106015 [handler.py:handle_request():146] handle_request: partial_history
2023-10-18 01:20:48,131 DEBUG   SenderThread:3106015 [sender.py:send():380] send: history
2023-10-18 01:20:48,131 DEBUG   SenderThread:3106015 [sender.py:send_request():407] send_request: summary_record
2023-10-18 01:20:48,132 INFO    SenderThread:3106015 [sender.py:_save_file():1378] saving file wandb-summary.json with policy end
2023-10-18 01:20:48,641 INFO    Thread-73 :3106015 [dir_watcher.py:_on_file_modified():288] file/dir modified: /workspace/TCN/wandb/run-20231018_011933-oxg9ojzt/files/wandb-summary.json
2023-10-18 01:20:49,039 DEBUG   HandlerThread:3106015 [handler.py:handle_request():146] handle_request: partial_history
2023-10-18 01:20:49,040 DEBUG   SenderThread:3106015 [sender.py:send():380] send: history
2023-10-18 01:20:49,041 DEBUG   SenderThread:3106015 [sender.py:send_request():407] send_request: summary_record
2023-10-18 01:20:49,041 INFO    SenderThread:3106015 [sender.py:_save_file():1378] saving file wandb-summary.json with policy end
2023-10-18 01:20:49,642 INFO    Thread-73 :3106015 [dir_watcher.py:_on_file_modified():288] file/dir modified: /workspace/TCN/wandb/run-20231018_011933-oxg9ojzt/files/wandb-summary.json
2023-10-18 01:20:49,642 INFO    Thread-73 :3106015 [dir_watcher.py:_on_file_modified():288] file/dir modified: /workspace/TCN/wandb/run-20231018_011933-oxg9ojzt/files/output.log
2023-10-18 01:20:50,013 DEBUG   HandlerThread:3106015 [handler.py:handle_request():146] handle_request: partial_history
2023-10-18 01:20:50,014 DEBUG   HandlerThread:3106015 [handler.py:handle_request():146] handle_request: status_report
2023-10-18 01:20:50,015 DEBUG   SenderThread:3106015 [sender.py:send():380] send: history
2023-10-18 01:20:50,015 DEBUG   SenderThread:3106015 [sender.py:send_request():407] send_request: summary_record
2023-10-18 01:20:50,016 INFO    SenderThread:3106015 [sender.py:_save_file():1378] saving file wandb-summary.json with policy end
2023-10-18 01:20:50,360 DEBUG   HandlerThread:3106015 [handler.py:handle_request():146] handle_request: keepalive
2023-10-18 01:20:50,361 DEBUG   HandlerThread:3106015 [handler.py:handle_request():146] handle_request: stop_status
2023-10-18 01:20:50,361 DEBUG   HandlerThread:3106015 [handler.py:handle_request():146] handle_request: internal_messages
2023-10-18 01:20:50,362 DEBUG   SenderThread:3106015 [sender.py:send_request():407] send_request: stop_status
2023-10-18 01:20:50,642 INFO    Thread-73 :3106015 [dir_watcher.py:_on_file_modified():288] file/dir modified: /workspace/TCN/wandb/run-20231018_011933-oxg9ojzt/files/wandb-summary.json
2023-10-18 01:20:50,978 DEBUG   HandlerThread:3106015 [handler.py:handle_request():146] handle_request: partial_history
2023-10-18 01:20:50,979 DEBUG   SenderThread:3106015 [sender.py:send():380] send: history
2023-10-18 01:20:50,980 DEBUG   SenderThread:3106015 [sender.py:send_request():407] send_request: summary_record
2023-10-18 01:20:50,980 INFO    SenderThread:3106015 [sender.py:_save_file():1378] saving file wandb-summary.json with policy end
2023-10-18 01:20:51,643 INFO    Thread-73 :3106015 [dir_watcher.py:_on_file_modified():288] file/dir modified: /workspace/TCN/wandb/run-20231018_011933-oxg9ojzt/files/wandb-summary.json
2023-10-18 01:20:51,643 INFO    Thread-73 :3106015 [dir_watcher.py:_on_file_modified():288] file/dir modified: /workspace/TCN/wandb/run-20231018_011933-oxg9ojzt/files/output.log
2023-10-18 01:20:51,856 DEBUG   HandlerThread:3106015 [handler.py:handle_request():146] handle_request: partial_history
2023-10-18 01:20:51,858 DEBUG   SenderThread:3106015 [sender.py:send():380] send: history
2023-10-18 01:20:51,858 DEBUG   SenderThread:3106015 [sender.py:send_request():407] send_request: summary_record
2023-10-18 01:20:51,859 INFO    SenderThread:3106015 [sender.py:_save_file():1378] saving file wandb-summary.json with policy end
2023-10-18 01:20:52,643 INFO    Thread-73 :3106015 [dir_watcher.py:_on_file_modified():288] file/dir modified: /workspace/TCN/wandb/run-20231018_011933-oxg9ojzt/files/wandb-summary.json
2023-10-18 01:20:52,789 DEBUG   HandlerThread:3106015 [handler.py:handle_request():146] handle_request: partial_history
2023-10-18 01:20:52,791 DEBUG   SenderThread:3106015 [sender.py:send():380] send: history
2023-10-18 01:20:52,792 DEBUG   SenderThread:3106015 [sender.py:send_request():407] send_request: summary_record
2023-10-18 01:20:52,792 INFO    SenderThread:3106015 [sender.py:_save_file():1378] saving file wandb-summary.json with policy end
2023-10-18 01:20:53,644 INFO    Thread-73 :3106015 [dir_watcher.py:_on_file_modified():288] file/dir modified: /workspace/TCN/wandb/run-20231018_011933-oxg9ojzt/files/wandb-summary.json
2023-10-18 01:20:53,644 INFO    Thread-73 :3106015 [dir_watcher.py:_on_file_modified():288] file/dir modified: /workspace/TCN/wandb/run-20231018_011933-oxg9ojzt/files/output.log
2023-10-18 01:20:53,784 DEBUG   HandlerThread:3106015 [handler.py:handle_request():146] handle_request: partial_history
2023-10-18 01:20:53,786 DEBUG   SenderThread:3106015 [sender.py:send():380] send: history
2023-10-18 01:20:53,786 DEBUG   SenderThread:3106015 [sender.py:send_request():407] send_request: summary_record
2023-10-18 01:20:53,788 INFO    SenderThread:3106015 [sender.py:_save_file():1378] saving file wandb-summary.json with policy end
2023-10-18 01:20:54,644 INFO    Thread-73 :3106015 [dir_watcher.py:_on_file_modified():288] file/dir modified: /workspace/TCN/wandb/run-20231018_011933-oxg9ojzt/files/wandb-summary.json
2023-10-18 01:20:54,697 DEBUG   HandlerThread:3106015 [handler.py:handle_request():146] handle_request: partial_history
2023-10-18 01:20:54,699 DEBUG   SenderThread:3106015 [sender.py:send():380] send: history
2023-10-18 01:20:54,699 DEBUG   SenderThread:3106015 [sender.py:send_request():407] send_request: summary_record
2023-10-18 01:20:54,700 INFO    SenderThread:3106015 [sender.py:_save_file():1378] saving file wandb-summary.json with policy end
2023-10-18 01:20:55,638 DEBUG   HandlerThread:3106015 [handler.py:handle_request():146] handle_request: partial_history
2023-10-18 01:20:55,639 DEBUG   HandlerThread:3106015 [handler.py:handle_request():146] handle_request: status_report
2023-10-18 01:20:55,640 DEBUG   SenderThread:3106015 [sender.py:send():380] send: history
2023-10-18 01:20:55,641 DEBUG   SenderThread:3106015 [sender.py:send_request():407] send_request: summary_record
2023-10-18 01:20:55,641 INFO    SenderThread:3106015 [sender.py:_save_file():1378] saving file wandb-summary.json with policy end
2023-10-18 01:20:55,645 INFO    Thread-73 :3106015 [dir_watcher.py:_on_file_modified():288] file/dir modified: /workspace/TCN/wandb/run-20231018_011933-oxg9ojzt/files/wandb-summary.json
2023-10-18 01:20:55,645 INFO    Thread-73 :3106015 [dir_watcher.py:_on_file_modified():288] file/dir modified: /workspace/TCN/wandb/run-20231018_011933-oxg9ojzt/files/output.log
2023-10-18 01:20:56,546 DEBUG   HandlerThread:3106015 [handler.py:handle_request():146] handle_request: partial_history
2023-10-18 01:20:56,547 DEBUG   SenderThread:3106015 [sender.py:send():380] send: history
2023-10-18 01:20:56,547 DEBUG   SenderThread:3106015 [sender.py:send_request():407] send_request: summary_record
2023-10-18 01:20:56,548 INFO    SenderThread:3106015 [sender.py:_save_file():1378] saving file wandb-summary.json with policy end
2023-10-18 01:20:56,645 INFO    Thread-73 :3106015 [dir_watcher.py:_on_file_modified():288] file/dir modified: /workspace/TCN/wandb/run-20231018_011933-oxg9ojzt/files/wandb-summary.json
2023-10-18 01:20:57,464 DEBUG   HandlerThread:3106015 [handler.py:handle_request():146] handle_request: partial_history
2023-10-18 01:20:57,465 DEBUG   SenderThread:3106015 [sender.py:send():380] send: history
2023-10-18 01:20:57,465 DEBUG   SenderThread:3106015 [sender.py:send_request():407] send_request: summary_record
2023-10-18 01:20:57,466 INFO    SenderThread:3106015 [sender.py:_save_file():1378] saving file wandb-summary.json with policy end
2023-10-18 01:20:57,645 INFO    Thread-73 :3106015 [dir_watcher.py:_on_file_modified():288] file/dir modified: /workspace/TCN/wandb/run-20231018_011933-oxg9ojzt/files/wandb-summary.json
2023-10-18 01:20:57,646 INFO    Thread-73 :3106015 [dir_watcher.py:_on_file_modified():288] file/dir modified: /workspace/TCN/wandb/run-20231018_011933-oxg9ojzt/files/output.log
2023-10-18 01:20:58,370 DEBUG   HandlerThread:3106015 [handler.py:handle_request():146] handle_request: partial_history
2023-10-18 01:20:58,371 DEBUG   SenderThread:3106015 [sender.py:send():380] send: history
2023-10-18 01:20:58,371 DEBUG   SenderThread:3106015 [sender.py:send_request():407] send_request: summary_record
2023-10-18 01:20:58,372 INFO    SenderThread:3106015 [sender.py:_save_file():1378] saving file wandb-summary.json with policy end
2023-10-18 01:20:58,646 INFO    Thread-73 :3106015 [dir_watcher.py:_on_file_modified():288] file/dir modified: /workspace/TCN/wandb/run-20231018_011933-oxg9ojzt/files/wandb-summary.json
2023-10-18 01:20:59,316 DEBUG   HandlerThread:3106015 [handler.py:handle_request():146] handle_request: partial_history
2023-10-18 01:20:59,317 DEBUG   SenderThread:3106015 [sender.py:send():380] send: history
2023-10-18 01:20:59,317 DEBUG   SenderThread:3106015 [sender.py:send_request():407] send_request: summary_record
2023-10-18 01:20:59,318 INFO    SenderThread:3106015 [sender.py:_save_file():1378] saving file wandb-summary.json with policy end
2023-10-18 01:20:59,646 INFO    Thread-73 :3106015 [dir_watcher.py:_on_file_modified():288] file/dir modified: /workspace/TCN/wandb/run-20231018_011933-oxg9ojzt/files/wandb-summary.json
2023-10-18 01:20:59,647 INFO    Thread-73 :3106015 [dir_watcher.py:_on_file_modified():288] file/dir modified: /workspace/TCN/wandb/run-20231018_011933-oxg9ojzt/files/output.log
2023-10-18 01:21:00,243 DEBUG   HandlerThread:3106015 [handler.py:handle_request():146] handle_request: partial_history
2023-10-18 01:21:00,245 DEBUG   SenderThread:3106015 [sender.py:send():380] send: history
2023-10-18 01:21:00,245 DEBUG   SenderThread:3106015 [sender.py:send_request():407] send_request: summary_record
2023-10-18 01:21:00,246 INFO    SenderThread:3106015 [sender.py:_save_file():1378] saving file wandb-summary.json with policy end
2023-10-18 01:21:00,647 INFO    Thread-73 :3106015 [dir_watcher.py:_on_file_modified():288] file/dir modified: /workspace/TCN/wandb/run-20231018_011933-oxg9ojzt/files/wandb-summary.json
2023-10-18 01:21:01,169 DEBUG   HandlerThread:3106015 [handler.py:handle_request():146] handle_request: partial_history
2023-10-18 01:21:01,170 DEBUG   HandlerThread:3106015 [handler.py:handle_request():146] handle_request: status_report
2023-10-18 01:21:01,170 DEBUG   SenderThread:3106015 [sender.py:send():380] send: history
2023-10-18 01:21:01,171 DEBUG   SenderThread:3106015 [sender.py:send_request():407] send_request: summary_record
2023-10-18 01:21:01,171 INFO    SenderThread:3106015 [sender.py:_save_file():1378] saving file wandb-summary.json with policy end
2023-10-18 01:21:01,647 INFO    Thread-73 :3106015 [dir_watcher.py:_on_file_modified():288] file/dir modified: /workspace/TCN/wandb/run-20231018_011933-oxg9ojzt/files/wandb-summary.json
2023-10-18 01:21:01,648 INFO    Thread-73 :3106015 [dir_watcher.py:_on_file_modified():288] file/dir modified: /workspace/TCN/wandb/run-20231018_011933-oxg9ojzt/files/output.log
2023-10-18 01:21:01,708 DEBUG   SystemMonitor:3106015 [system_monitor.py:_start():172] Starting system metrics aggregation loop
2023-10-18 01:21:01,710 DEBUG   SenderThread:3106015 [sender.py:send():380] send: stats
2023-10-18 01:21:02,096 DEBUG   HandlerThread:3106015 [handler.py:handle_request():146] handle_request: partial_history
2023-10-18 01:21:02,098 DEBUG   SenderThread:3106015 [sender.py:send():380] send: history
2023-10-18 01:21:02,098 DEBUG   SenderThread:3106015 [sender.py:send_request():407] send_request: summary_record
2023-10-18 01:21:02,099 INFO    SenderThread:3106015 [sender.py:_save_file():1378] saving file wandb-summary.json with policy end
2023-10-18 01:21:02,648 INFO    Thread-73 :3106015 [dir_watcher.py:_on_file_modified():288] file/dir modified: /workspace/TCN/wandb/run-20231018_011933-oxg9ojzt/files/wandb-summary.json
2023-10-18 01:21:03,003 DEBUG   HandlerThread:3106015 [handler.py:handle_request():146] handle_request: partial_history
2023-10-18 01:21:03,004 DEBUG   SenderThread:3106015 [sender.py:send():380] send: history
2023-10-18 01:21:03,004 DEBUG   SenderThread:3106015 [sender.py:send_request():407] send_request: summary_record
2023-10-18 01:21:03,005 INFO    SenderThread:3106015 [sender.py:_save_file():1378] saving file wandb-summary.json with policy end
2023-10-18 01:21:03,648 INFO    Thread-73 :3106015 [dir_watcher.py:_on_file_modified():288] file/dir modified: /workspace/TCN/wandb/run-20231018_011933-oxg9ojzt/files/wandb-summary.json
2023-10-18 01:21:03,649 INFO    Thread-73 :3106015 [dir_watcher.py:_on_file_modified():288] file/dir modified: /workspace/TCN/wandb/run-20231018_011933-oxg9ojzt/files/output.log
2023-10-18 01:21:03,955 DEBUG   HandlerThread:3106015 [handler.py:handle_request():146] handle_request: partial_history
2023-10-18 01:21:03,956 DEBUG   SenderThread:3106015 [sender.py:send():380] send: history
2023-10-18 01:21:03,957 DEBUG   SenderThread:3106015 [sender.py:send_request():407] send_request: summary_record
2023-10-18 01:21:03,957 INFO    SenderThread:3106015 [sender.py:_save_file():1378] saving file wandb-summary.json with policy end
2023-10-18 01:21:04,649 INFO    Thread-73 :3106015 [dir_watcher.py:_on_file_modified():288] file/dir modified: /workspace/TCN/wandb/run-20231018_011933-oxg9ojzt/files/wandb-summary.json
2023-10-18 01:21:04,964 DEBUG   HandlerThread:3106015 [handler.py:handle_request():146] handle_request: partial_history
2023-10-18 01:21:04,966 DEBUG   SenderThread:3106015 [sender.py:send():380] send: history
2023-10-18 01:21:04,966 DEBUG   SenderThread:3106015 [sender.py:send_request():407] send_request: summary_record
2023-10-18 01:21:04,967 INFO    SenderThread:3106015 [sender.py:_save_file():1378] saving file wandb-summary.json with policy end
2023-10-18 01:21:05,360 DEBUG   HandlerThread:3106015 [handler.py:handle_request():146] handle_request: stop_status
2023-10-18 01:21:05,360 DEBUG   HandlerThread:3106015 [handler.py:handle_request():146] handle_request: internal_messages
2023-10-18 01:21:05,361 DEBUG   SenderThread:3106015 [sender.py:send_request():407] send_request: stop_status
2023-10-18 01:21:05,649 INFO    Thread-73 :3106015 [dir_watcher.py:_on_file_modified():288] file/dir modified: /workspace/TCN/wandb/run-20231018_011933-oxg9ojzt/files/wandb-summary.json
2023-10-18 01:21:05,650 INFO    Thread-73 :3106015 [dir_watcher.py:_on_file_modified():288] file/dir modified: /workspace/TCN/wandb/run-20231018_011933-oxg9ojzt/files/output.log
2023-10-18 01:21:05,970 DEBUG   HandlerThread:3106015 [handler.py:handle_request():146] handle_request: partial_history
2023-10-18 01:21:05,971 DEBUG   SenderThread:3106015 [sender.py:send():380] send: history
2023-10-18 01:21:05,972 DEBUG   SenderThread:3106015 [sender.py:send_request():407] send_request: summary_record
2023-10-18 01:21:05,972 INFO    SenderThread:3106015 [sender.py:_save_file():1378] saving file wandb-summary.json with policy end
2023-10-18 01:21:06,650 INFO    Thread-73 :3106015 [dir_watcher.py:_on_file_modified():288] file/dir modified: /workspace/TCN/wandb/run-20231018_011933-oxg9ojzt/files/wandb-summary.json
2023-10-18 01:21:06,857 DEBUG   HandlerThread:3106015 [handler.py:handle_request():146] handle_request: partial_history
2023-10-18 01:21:06,858 DEBUG   HandlerThread:3106015 [handler.py:handle_request():146] handle_request: status_report
2023-10-18 01:21:06,858 DEBUG   SenderThread:3106015 [sender.py:send():380] send: history
2023-10-18 01:21:06,859 DEBUG   SenderThread:3106015 [sender.py:send_request():407] send_request: summary_record
2023-10-18 01:21:06,860 INFO    SenderThread:3106015 [sender.py:_save_file():1378] saving file wandb-summary.json with policy end
2023-10-18 01:21:07,650 INFO    Thread-73 :3106015 [dir_watcher.py:_on_file_modified():288] file/dir modified: /workspace/TCN/wandb/run-20231018_011933-oxg9ojzt/files/wandb-summary.json
2023-10-18 01:21:07,651 INFO    Thread-73 :3106015 [dir_watcher.py:_on_file_modified():288] file/dir modified: /workspace/TCN/wandb/run-20231018_011933-oxg9ojzt/files/output.log
2023-10-18 01:21:08,053 DEBUG   HandlerThread:3106015 [handler.py:handle_request():146] handle_request: partial_history
2023-10-18 01:21:08,055 DEBUG   SenderThread:3106015 [sender.py:send():380] send: history
2023-10-18 01:21:08,055 DEBUG   SenderThread:3106015 [sender.py:send_request():407] send_request: summary_record
2023-10-18 01:21:08,056 INFO    SenderThread:3106015 [sender.py:_save_file():1378] saving file wandb-summary.json with policy end
2023-10-18 01:21:08,651 INFO    Thread-73 :3106015 [dir_watcher.py:_on_file_modified():288] file/dir modified: /workspace/TCN/wandb/run-20231018_011933-oxg9ojzt/files/wandb-summary.json
2023-10-18 01:21:08,948 DEBUG   HandlerThread:3106015 [handler.py:handle_request():146] handle_request: partial_history
2023-10-18 01:21:08,950 DEBUG   SenderThread:3106015 [sender.py:send():380] send: history
2023-10-18 01:21:08,950 DEBUG   SenderThread:3106015 [sender.py:send_request():407] send_request: summary_record
2023-10-18 01:21:08,950 INFO    SenderThread:3106015 [sender.py:_save_file():1378] saving file wandb-summary.json with policy end
2023-10-18 01:21:09,651 INFO    Thread-73 :3106015 [dir_watcher.py:_on_file_modified():288] file/dir modified: /workspace/TCN/wandb/run-20231018_011933-oxg9ojzt/files/wandb-summary.json
2023-10-18 01:21:09,652 INFO    Thread-73 :3106015 [dir_watcher.py:_on_file_modified():288] file/dir modified: /workspace/TCN/wandb/run-20231018_011933-oxg9ojzt/files/output.log
2023-10-18 01:21:09,882 DEBUG   HandlerThread:3106015 [handler.py:handle_request():146] handle_request: partial_history
2023-10-18 01:21:09,883 DEBUG   SenderThread:3106015 [sender.py:send():380] send: history
2023-10-18 01:21:09,884 DEBUG   SenderThread:3106015 [sender.py:send_request():407] send_request: summary_record
2023-10-18 01:21:09,884 INFO    SenderThread:3106015 [sender.py:_save_file():1378] saving file wandb-summary.json with policy end
2023-10-18 01:21:10,652 INFO    Thread-73 :3106015 [dir_watcher.py:_on_file_modified():288] file/dir modified: /workspace/TCN/wandb/run-20231018_011933-oxg9ojzt/files/wandb-summary.json
2023-10-18 01:21:10,850 DEBUG   HandlerThread:3106015 [handler.py:handle_request():146] handle_request: partial_history
2023-10-18 01:21:10,852 DEBUG   SenderThread:3106015 [sender.py:send():380] send: history
2023-10-18 01:21:10,852 DEBUG   SenderThread:3106015 [sender.py:send_request():407] send_request: summary_record
2023-10-18 01:21:10,853 INFO    SenderThread:3106015 [sender.py:_save_file():1378] saving file wandb-summary.json with policy end
2023-10-18 01:21:11,652 INFO    Thread-73 :3106015 [dir_watcher.py:_on_file_modified():288] file/dir modified: /workspace/TCN/wandb/run-20231018_011933-oxg9ojzt/files/wandb-summary.json
2023-10-18 01:21:11,653 INFO    Thread-73 :3106015 [dir_watcher.py:_on_file_modified():288] file/dir modified: /workspace/TCN/wandb/run-20231018_011933-oxg9ojzt/files/output.log
2023-10-18 01:21:11,852 DEBUG   HandlerThread:3106015 [handler.py:handle_request():146] handle_request: partial_history
2023-10-18 01:21:11,854 DEBUG   SenderThread:3106015 [sender.py:send():380] send: history
2023-10-18 01:21:11,854 DEBUG   SenderThread:3106015 [sender.py:send_request():407] send_request: summary_record
2023-10-18 01:21:11,855 INFO    SenderThread:3106015 [sender.py:_save_file():1378] saving file wandb-summary.json with policy end
2023-10-18 01:21:12,653 INFO    Thread-73 :3106015 [dir_watcher.py:_on_file_modified():288] file/dir modified: /workspace/TCN/wandb/run-20231018_011933-oxg9ojzt/files/wandb-summary.json
2023-10-18 01:21:12,767 DEBUG   HandlerThread:3106015 [handler.py:handle_request():146] handle_request: status_report
2023-10-18 01:21:12,768 DEBUG   HandlerThread:3106015 [handler.py:handle_request():146] handle_request: partial_history
2023-10-18 01:21:12,769 DEBUG   SenderThread:3106015 [sender.py:send():380] send: history
2023-10-18 01:21:12,769 DEBUG   SenderThread:3106015 [sender.py:send_request():407] send_request: summary_record
2023-10-18 01:21:12,770 INFO    SenderThread:3106015 [sender.py:_save_file():1378] saving file wandb-summary.json with policy end
2023-10-18 01:21:13,653 INFO    Thread-73 :3106015 [dir_watcher.py:_on_file_modified():288] file/dir modified: /workspace/TCN/wandb/run-20231018_011933-oxg9ojzt/files/wandb-summary.json
2023-10-18 01:21:13,654 INFO    Thread-73 :3106015 [dir_watcher.py:_on_file_modified():288] file/dir modified: /workspace/TCN/wandb/run-20231018_011933-oxg9ojzt/files/output.log
2023-10-18 01:21:13,676 DEBUG   HandlerThread:3106015 [handler.py:handle_request():146] handle_request: partial_history
2023-10-18 01:21:13,677 DEBUG   SenderThread:3106015 [sender.py:send():380] send: history
2023-10-18 01:21:13,677 DEBUG   SenderThread:3106015 [sender.py:send_request():407] send_request: summary_record
2023-10-18 01:21:13,678 INFO    SenderThread:3106015 [sender.py:_save_file():1378] saving file wandb-summary.json with policy end
2023-10-18 01:21:14,599 DEBUG   HandlerThread:3106015 [handler.py:handle_request():146] handle_request: partial_history
2023-10-18 01:21:14,600 DEBUG   SenderThread:3106015 [sender.py:send():380] send: history
2023-10-18 01:21:14,600 DEBUG   SenderThread:3106015 [sender.py:send_request():407] send_request: summary_record
2023-10-18 01:21:14,601 INFO    SenderThread:3106015 [sender.py:_save_file():1378] saving file wandb-summary.json with policy end
2023-10-18 01:21:14,654 INFO    Thread-73 :3106015 [dir_watcher.py:_on_file_modified():288] file/dir modified: /workspace/TCN/wandb/run-20231018_011933-oxg9ojzt/files/wandb-summary.json
2023-10-18 01:21:15,597 DEBUG   HandlerThread:3106015 [handler.py:handle_request():146] handle_request: partial_history
2023-10-18 01:21:15,599 DEBUG   SenderThread:3106015 [sender.py:send():380] send: history
2023-10-18 01:21:15,599 DEBUG   SenderThread:3106015 [sender.py:send_request():407] send_request: summary_record
2023-10-18 01:21:15,600 INFO    SenderThread:3106015 [sender.py:_save_file():1378] saving file wandb-summary.json with policy end
2023-10-18 01:21:15,654 INFO    Thread-73 :3106015 [dir_watcher.py:_on_file_modified():288] file/dir modified: /workspace/TCN/wandb/run-20231018_011933-oxg9ojzt/files/wandb-summary.json
2023-10-18 01:21:15,655 INFO    Thread-73 :3106015 [dir_watcher.py:_on_file_modified():288] file/dir modified: /workspace/TCN/wandb/run-20231018_011933-oxg9ojzt/files/output.log
2023-10-18 01:21:16,486 DEBUG   HandlerThread:3106015 [handler.py:handle_request():146] handle_request: partial_history
2023-10-18 01:21:16,487 DEBUG   SenderThread:3106015 [sender.py:send():380] send: history
2023-10-18 01:21:16,487 DEBUG   SenderThread:3106015 [sender.py:send_request():407] send_request: summary_record
2023-10-18 01:21:16,488 INFO    SenderThread:3106015 [sender.py:_save_file():1378] saving file wandb-summary.json with policy end
2023-10-18 01:21:16,655 INFO    Thread-73 :3106015 [dir_watcher.py:_on_file_modified():288] file/dir modified: /workspace/TCN/wandb/run-20231018_011933-oxg9ojzt/files/wandb-summary.json
2023-10-18 01:21:17,419 DEBUG   HandlerThread:3106015 [handler.py:handle_request():146] handle_request: partial_history
2023-10-18 01:21:17,420 DEBUG   SenderThread:3106015 [sender.py:send():380] send: history
2023-10-18 01:21:17,421 DEBUG   SenderThread:3106015 [sender.py:send_request():407] send_request: summary_record
2023-10-18 01:21:17,421 INFO    SenderThread:3106015 [sender.py:_save_file():1378] saving file wandb-summary.json with policy end
2023-10-18 01:21:17,655 INFO    Thread-73 :3106015 [dir_watcher.py:_on_file_modified():288] file/dir modified: /workspace/TCN/wandb/run-20231018_011933-oxg9ojzt/files/wandb-summary.json
2023-10-18 01:21:17,656 INFO    Thread-73 :3106015 [dir_watcher.py:_on_file_modified():288] file/dir modified: /workspace/TCN/wandb/run-20231018_011933-oxg9ojzt/files/output.log
2023-10-18 01:21:18,351 DEBUG   HandlerThread:3106015 [handler.py:handle_request():146] handle_request: status_report
2023-10-18 01:21:18,351 DEBUG   HandlerThread:3106015 [handler.py:handle_request():146] handle_request: partial_history
2023-10-18 01:21:18,352 DEBUG   SenderThread:3106015 [sender.py:send():380] send: history
2023-10-18 01:21:18,353 DEBUG   SenderThread:3106015 [sender.py:send_request():407] send_request: summary_record
2023-10-18 01:21:18,353 INFO    SenderThread:3106015 [sender.py:_save_file():1378] saving file wandb-summary.json with policy end
2023-10-18 01:21:18,656 INFO    Thread-73 :3106015 [dir_watcher.py:_on_file_modified():288] file/dir modified: /workspace/TCN/wandb/run-20231018_011933-oxg9ojzt/files/wandb-summary.json
2023-10-18 01:21:19,277 DEBUG   HandlerThread:3106015 [handler.py:handle_request():146] handle_request: partial_history
2023-10-18 01:21:19,278 DEBUG   SenderThread:3106015 [sender.py:send():380] send: history
2023-10-18 01:21:19,278 DEBUG   SenderThread:3106015 [sender.py:send_request():407] send_request: summary_record
2023-10-18 01:21:19,279 INFO    SenderThread:3106015 [sender.py:_save_file():1378] saving file wandb-summary.json with policy end
2023-10-18 01:21:19,656 INFO    Thread-73 :3106015 [dir_watcher.py:_on_file_modified():288] file/dir modified: /workspace/TCN/wandb/run-20231018_011933-oxg9ojzt/files/wandb-summary.json
2023-10-18 01:21:19,657 INFO    Thread-73 :3106015 [dir_watcher.py:_on_file_modified():288] file/dir modified: /workspace/TCN/wandb/run-20231018_011933-oxg9ojzt/files/output.log
2023-10-18 01:21:20,230 DEBUG   HandlerThread:3106015 [handler.py:handle_request():146] handle_request: partial_history
2023-10-18 01:21:20,231 DEBUG   SenderThread:3106015 [sender.py:send():380] send: history
2023-10-18 01:21:20,232 DEBUG   SenderThread:3106015 [sender.py:send_request():407] send_request: summary_record
2023-10-18 01:21:20,232 INFO    SenderThread:3106015 [sender.py:_save_file():1378] saving file wandb-summary.json with policy end
2023-10-18 01:21:20,361 DEBUG   HandlerThread:3106015 [handler.py:handle_request():146] handle_request: stop_status
2023-10-18 01:21:20,361 DEBUG   HandlerThread:3106015 [handler.py:handle_request():146] handle_request: internal_messages
2023-10-18 01:21:20,361 DEBUG   HandlerThread:3106015 [handler.py:handle_request():146] handle_request: keepalive
2023-10-18 01:21:20,362 DEBUG   SenderThread:3106015 [sender.py:send_request():407] send_request: stop_status
2023-10-18 01:21:20,657 INFO    Thread-73 :3106015 [dir_watcher.py:_on_file_modified():288] file/dir modified: /workspace/TCN/wandb/run-20231018_011933-oxg9ojzt/files/wandb-summary.json
2023-10-18 01:21:21,198 DEBUG   HandlerThread:3106015 [handler.py:handle_request():146] handle_request: partial_history
2023-10-18 01:21:21,199 DEBUG   SenderThread:3106015 [sender.py:send():380] send: history
2023-10-18 01:21:21,200 DEBUG   SenderThread:3106015 [sender.py:send_request():407] send_request: summary_record
2023-10-18 01:21:21,201 INFO    SenderThread:3106015 [sender.py:_save_file():1378] saving file wandb-summary.json with policy end
2023-10-18 01:21:21,657 INFO    Thread-73 :3106015 [dir_watcher.py:_on_file_modified():288] file/dir modified: /workspace/TCN/wandb/run-20231018_011933-oxg9ojzt/files/wandb-summary.json
2023-10-18 01:21:21,658 INFO    Thread-73 :3106015 [dir_watcher.py:_on_file_modified():288] file/dir modified: /workspace/TCN/wandb/run-20231018_011933-oxg9ojzt/files/output.log
2023-10-18 01:21:22,045 DEBUG   HandlerThread:3106015 [handler.py:handle_request():146] handle_request: partial_history
2023-10-18 01:21:22,046 DEBUG   SenderThread:3106015 [sender.py:send():380] send: history
2023-10-18 01:21:22,047 DEBUG   SenderThread:3106015 [sender.py:send_request():407] send_request: summary_record
2023-10-18 01:21:22,047 INFO    SenderThread:3106015 [sender.py:_save_file():1378] saving file wandb-summary.json with policy end
2023-10-18 01:21:22,658 INFO    Thread-73 :3106015 [dir_watcher.py:_on_file_modified():288] file/dir modified: /workspace/TCN/wandb/run-20231018_011933-oxg9ojzt/files/wandb-summary.json
2023-10-18 01:21:22,952 DEBUG   HandlerThread:3106015 [handler.py:handle_request():146] handle_request: partial_history
2023-10-18 01:21:22,953 DEBUG   SenderThread:3106015 [sender.py:send():380] send: history
2023-10-18 01:21:22,954 DEBUG   SenderThread:3106015 [sender.py:send_request():407] send_request: summary_record
2023-10-18 01:21:22,954 INFO    SenderThread:3106015 [sender.py:_save_file():1378] saving file wandb-summary.json with policy end
2023-10-18 01:21:23,658 INFO    Thread-73 :3106015 [dir_watcher.py:_on_file_modified():288] file/dir modified: /workspace/TCN/wandb/run-20231018_011933-oxg9ojzt/files/wandb-summary.json
2023-10-18 01:21:23,659 INFO    Thread-73 :3106015 [dir_watcher.py:_on_file_modified():288] file/dir modified: /workspace/TCN/wandb/run-20231018_011933-oxg9ojzt/files/output.log
2023-10-18 01:21:23,856 DEBUG   HandlerThread:3106015 [handler.py:handle_request():146] handle_request: status_report
2023-10-18 01:21:23,856 DEBUG   HandlerThread:3106015 [handler.py:handle_request():146] handle_request: partial_history
2023-10-18 01:21:23,857 DEBUG   SenderThread:3106015 [sender.py:send():380] send: history
2023-10-18 01:21:23,857 DEBUG   SenderThread:3106015 [sender.py:send_request():407] send_request: summary_record
2023-10-18 01:21:23,858 INFO    SenderThread:3106015 [sender.py:_save_file():1378] saving file wandb-summary.json with policy end
2023-10-18 01:21:24,659 INFO    Thread-73 :3106015 [dir_watcher.py:_on_file_modified():288] file/dir modified: /workspace/TCN/wandb/run-20231018_011933-oxg9ojzt/files/wandb-summary.json
2023-10-18 01:21:24,806 DEBUG   HandlerThread:3106015 [handler.py:handle_request():146] handle_request: partial_history
2023-10-18 01:21:24,807 DEBUG   SenderThread:3106015 [sender.py:send():380] send: history
2023-10-18 01:21:24,808 DEBUG   SenderThread:3106015 [sender.py:send_request():407] send_request: summary_record
2023-10-18 01:21:24,808 INFO    SenderThread:3106015 [sender.py:_save_file():1378] saving file wandb-summary.json with policy end
2023-10-18 01:21:25,659 INFO    Thread-73 :3106015 [dir_watcher.py:_on_file_modified():288] file/dir modified: /workspace/TCN/wandb/run-20231018_011933-oxg9ojzt/files/wandb-summary.json
2023-10-18 01:21:25,660 INFO    Thread-73 :3106015 [dir_watcher.py:_on_file_modified():288] file/dir modified: /workspace/TCN/wandb/run-20231018_011933-oxg9ojzt/files/output.log
2023-10-18 01:21:25,784 DEBUG   HandlerThread:3106015 [handler.py:handle_request():146] handle_request: partial_history
2023-10-18 01:21:25,785 DEBUG   SenderThread:3106015 [sender.py:send():380] send: history
2023-10-18 01:21:25,785 DEBUG   SenderThread:3106015 [sender.py:send_request():407] send_request: summary_record
2023-10-18 01:21:25,786 INFO    SenderThread:3106015 [sender.py:_save_file():1378] saving file wandb-summary.json with policy end
2023-10-18 01:21:26,660 INFO    Thread-73 :3106015 [dir_watcher.py:_on_file_modified():288] file/dir modified: /workspace/TCN/wandb/run-20231018_011933-oxg9ojzt/files/wandb-summary.json
2023-10-18 01:21:26,687 DEBUG   HandlerThread:3106015 [handler.py:handle_request():146] handle_request: partial_history
2023-10-18 01:21:26,688 DEBUG   SenderThread:3106015 [sender.py:send():380] send: history
2023-10-18 01:21:26,689 DEBUG   SenderThread:3106015 [sender.py:send_request():407] send_request: summary_record
2023-10-18 01:21:26,689 INFO    SenderThread:3106015 [sender.py:_save_file():1378] saving file wandb-summary.json with policy end
2023-10-18 01:21:27,604 DEBUG   HandlerThread:3106015 [handler.py:handle_request():146] handle_request: partial_history
2023-10-18 01:21:27,605 DEBUG   SenderThread:3106015 [sender.py:send():380] send: history
2023-10-18 01:21:27,605 DEBUG   SenderThread:3106015 [sender.py:send_request():407] send_request: summary_record
2023-10-18 01:21:27,606 INFO    SenderThread:3106015 [sender.py:_save_file():1378] saving file wandb-summary.json with policy end
2023-10-18 01:21:27,660 INFO    Thread-73 :3106015 [dir_watcher.py:_on_file_modified():288] file/dir modified: /workspace/TCN/wandb/run-20231018_011933-oxg9ojzt/files/wandb-summary.json
2023-10-18 01:21:27,661 INFO    Thread-73 :3106015 [dir_watcher.py:_on_file_modified():288] file/dir modified: /workspace/TCN/wandb/run-20231018_011933-oxg9ojzt/files/output.log
2023-10-18 01:21:28,542 DEBUG   HandlerThread:3106015 [handler.py:handle_request():146] handle_request: partial_history
2023-10-18 01:21:28,543 DEBUG   SenderThread:3106015 [sender.py:send():380] send: history
2023-10-18 01:21:28,544 DEBUG   SenderThread:3106015 [sender.py:send_request():407] send_request: summary_record
2023-10-18 01:21:28,544 INFO    SenderThread:3106015 [sender.py:_save_file():1378] saving file wandb-summary.json with policy end
2023-10-18 01:21:28,661 INFO    Thread-73 :3106015 [dir_watcher.py:_on_file_modified():288] file/dir modified: /workspace/TCN/wandb/run-20231018_011933-oxg9ojzt/files/wandb-summary.json
2023-10-18 01:21:29,436 DEBUG   HandlerThread:3106015 [handler.py:handle_request():146] handle_request: status_report
2023-10-18 01:21:29,436 DEBUG   HandlerThread:3106015 [handler.py:handle_request():146] handle_request: partial_history
2023-10-18 01:21:29,437 DEBUG   SenderThread:3106015 [sender.py:send():380] send: history
2023-10-18 01:21:29,437 DEBUG   SenderThread:3106015 [sender.py:send_request():407] send_request: summary_record
2023-10-18 01:21:29,438 INFO    SenderThread:3106015 [sender.py:_save_file():1378] saving file wandb-summary.json with policy end
2023-10-18 01:21:29,661 INFO    Thread-73 :3106015 [dir_watcher.py:_on_file_modified():288] file/dir modified: /workspace/TCN/wandb/run-20231018_011933-oxg9ojzt/files/wandb-summary.json
2023-10-18 01:21:29,662 INFO    Thread-73 :3106015 [dir_watcher.py:_on_file_modified():288] file/dir modified: /workspace/TCN/wandb/run-20231018_011933-oxg9ojzt/files/output.log
2023-10-18 01:21:30,314 DEBUG   HandlerThread:3106015 [handler.py:handle_request():146] handle_request: partial_history
2023-10-18 01:21:30,315 DEBUG   SenderThread:3106015 [sender.py:send():380] send: history
2023-10-18 01:21:30,316 DEBUG   SenderThread:3106015 [sender.py:send_request():407] send_request: summary_record
2023-10-18 01:21:30,316 INFO    SenderThread:3106015 [sender.py:_save_file():1378] saving file wandb-summary.json with policy end
2023-10-18 01:21:30,662 INFO    Thread-73 :3106015 [dir_watcher.py:_on_file_modified():288] file/dir modified: /workspace/TCN/wandb/run-20231018_011933-oxg9ojzt/files/wandb-summary.json
2023-10-18 01:21:31,242 DEBUG   HandlerThread:3106015 [handler.py:handle_request():146] handle_request: partial_history
2023-10-18 01:21:31,244 DEBUG   SenderThread:3106015 [sender.py:send():380] send: history
2023-10-18 01:21:31,244 DEBUG   SenderThread:3106015 [sender.py:send_request():407] send_request: summary_record
2023-10-18 01:21:31,245 INFO    SenderThread:3106015 [sender.py:_save_file():1378] saving file wandb-summary.json with policy end
2023-10-18 01:21:31,663 INFO    Thread-73 :3106015 [dir_watcher.py:_on_file_modified():288] file/dir modified: /workspace/TCN/wandb/run-20231018_011933-oxg9ojzt/files/wandb-summary.json
2023-10-18 01:21:31,663 INFO    Thread-73 :3106015 [dir_watcher.py:_on_file_modified():288] file/dir modified: /workspace/TCN/wandb/run-20231018_011933-oxg9ojzt/files/output.log
2023-10-18 01:21:31,712 DEBUG   SenderThread:3106015 [sender.py:send():380] send: stats
2023-10-18 01:21:32,165 DEBUG   HandlerThread:3106015 [handler.py:handle_request():146] handle_request: partial_history
2023-10-18 01:21:32,166 DEBUG   SenderThread:3106015 [sender.py:send():380] send: history
2023-10-18 01:21:32,167 DEBUG   SenderThread:3106015 [sender.py:send_request():407] send_request: summary_record
2023-10-18 01:21:32,167 INFO    SenderThread:3106015 [sender.py:_save_file():1378] saving file wandb-summary.json with policy end
2023-10-18 01:21:32,663 INFO    Thread-73 :3106015 [dir_watcher.py:_on_file_modified():288] file/dir modified: /workspace/TCN/wandb/run-20231018_011933-oxg9ojzt/files/wandb-summary.json
2023-10-18 01:21:33,088 DEBUG   HandlerThread:3106015 [handler.py:handle_request():146] handle_request: partial_history
2023-10-18 01:21:33,089 DEBUG   SenderThread:3106015 [sender.py:send():380] send: history
2023-10-18 01:21:33,089 DEBUG   SenderThread:3106015 [sender.py:send_request():407] send_request: summary_record
2023-10-18 01:21:33,090 INFO    SenderThread:3106015 [sender.py:_save_file():1378] saving file wandb-summary.json with policy end
2023-10-18 01:21:33,663 INFO    Thread-73 :3106015 [dir_watcher.py:_on_file_modified():288] file/dir modified: /workspace/TCN/wandb/run-20231018_011933-oxg9ojzt/files/wandb-summary.json
2023-10-18 01:21:33,663 INFO    Thread-73 :3106015 [dir_watcher.py:_on_file_modified():288] file/dir modified: /workspace/TCN/wandb/run-20231018_011933-oxg9ojzt/files/output.log
2023-10-18 01:21:33,997 DEBUG   HandlerThread:3106015 [handler.py:handle_request():146] handle_request: partial_history
2023-10-18 01:21:33,998 DEBUG   SenderThread:3106015 [sender.py:send():380] send: history
2023-10-18 01:21:33,998 DEBUG   SenderThread:3106015 [sender.py:send_request():407] send_request: summary_record
2023-10-18 01:21:33,999 INFO    SenderThread:3106015 [sender.py:_save_file():1378] saving file wandb-summary.json with policy end
2023-10-18 01:21:34,664 INFO    Thread-73 :3106015 [dir_watcher.py:_on_file_modified():288] file/dir modified: /workspace/TCN/wandb/run-20231018_011933-oxg9ojzt/files/wandb-summary.json
2023-10-18 01:21:34,943 DEBUG   HandlerThread:3106015 [handler.py:handle_request():146] handle_request: partial_history
2023-10-18 01:21:34,944 DEBUG   HandlerThread:3106015 [handler.py:handle_request():146] handle_request: status_report
2023-10-18 01:21:34,944 DEBUG   SenderThread:3106015 [sender.py:send():380] send: history
2023-10-18 01:21:34,945 DEBUG   SenderThread:3106015 [sender.py:send_request():407] send_request: summary_record
2023-10-18 01:21:34,945 INFO    SenderThread:3106015 [sender.py:_save_file():1378] saving file wandb-summary.json with policy end
2023-10-18 01:21:35,361 DEBUG   HandlerThread:3106015 [handler.py:handle_request():146] handle_request: internal_messages
2023-10-18 01:21:35,361 DEBUG   HandlerThread:3106015 [handler.py:handle_request():146] handle_request: keepalive
2023-10-18 01:21:35,362 DEBUG   HandlerThread:3106015 [handler.py:handle_request():146] handle_request: stop_status
2023-10-18 01:21:35,363 DEBUG   SenderThread:3106015 [sender.py:send_request():407] send_request: stop_status
2023-10-18 01:21:35,664 INFO    Thread-73 :3106015 [dir_watcher.py:_on_file_modified():288] file/dir modified: /workspace/TCN/wandb/run-20231018_011933-oxg9ojzt/files/wandb-summary.json
2023-10-18 01:21:35,665 INFO    Thread-73 :3106015 [dir_watcher.py:_on_file_modified():288] file/dir modified: /workspace/TCN/wandb/run-20231018_011933-oxg9ojzt/files/output.log
2023-10-18 01:21:35,898 DEBUG   HandlerThread:3106015 [handler.py:handle_request():146] handle_request: partial_history
2023-10-18 01:21:35,899 DEBUG   SenderThread:3106015 [sender.py:send():380] send: history
2023-10-18 01:21:35,900 DEBUG   SenderThread:3106015 [sender.py:send_request():407] send_request: summary_record
2023-10-18 01:21:35,901 INFO    SenderThread:3106015 [sender.py:_save_file():1378] saving file wandb-summary.json with policy end
2023-10-18 01:21:36,665 INFO    Thread-73 :3106015 [dir_watcher.py:_on_file_modified():288] file/dir modified: /workspace/TCN/wandb/run-20231018_011933-oxg9ojzt/files/wandb-summary.json
2023-10-18 01:21:36,788 DEBUG   HandlerThread:3106015 [handler.py:handle_request():146] handle_request: partial_history
2023-10-18 01:21:36,789 DEBUG   SenderThread:3106015 [sender.py:send():380] send: history
2023-10-18 01:21:36,790 DEBUG   SenderThread:3106015 [sender.py:send_request():407] send_request: summary_record
2023-10-18 01:21:36,791 INFO    SenderThread:3106015 [sender.py:_save_file():1378] saving file wandb-summary.json with policy end
2023-10-18 01:21:37,665 INFO    Thread-73 :3106015 [dir_watcher.py:_on_file_modified():288] file/dir modified: /workspace/TCN/wandb/run-20231018_011933-oxg9ojzt/files/wandb-summary.json
2023-10-18 01:21:37,666 INFO    Thread-73 :3106015 [dir_watcher.py:_on_file_modified():288] file/dir modified: /workspace/TCN/wandb/run-20231018_011933-oxg9ojzt/files/output.log
2023-10-18 01:21:37,733 DEBUG   HandlerThread:3106015 [handler.py:handle_request():146] handle_request: partial_history
2023-10-18 01:21:37,734 DEBUG   SenderThread:3106015 [sender.py:send():380] send: history
2023-10-18 01:21:37,734 DEBUG   SenderThread:3106015 [sender.py:send_request():407] send_request: summary_record
2023-10-18 01:21:37,735 INFO    SenderThread:3106015 [sender.py:_save_file():1378] saving file wandb-summary.json with policy end
2023-10-18 01:21:38,666 INFO    Thread-73 :3106015 [dir_watcher.py:_on_file_modified():288] file/dir modified: /workspace/TCN/wandb/run-20231018_011933-oxg9ojzt/files/wandb-summary.json
2023-10-18 01:21:38,670 DEBUG   HandlerThread:3106015 [handler.py:handle_request():146] handle_request: partial_history
2023-10-18 01:21:38,671 DEBUG   SenderThread:3106015 [sender.py:send():380] send: history
2023-10-18 01:21:38,671 DEBUG   SenderThread:3106015 [sender.py:send_request():407] send_request: summary_record
2023-10-18 01:21:38,672 INFO    SenderThread:3106015 [sender.py:_save_file():1378] saving file wandb-summary.json with policy end
2023-10-18 01:21:39,591 DEBUG   HandlerThread:3106015 [handler.py:handle_request():146] handle_request: partial_history
2023-10-18 01:21:39,593 DEBUG   SenderThread:3106015 [sender.py:send():380] send: history
2023-10-18 01:21:39,593 DEBUG   SenderThread:3106015 [sender.py:send_request():407] send_request: summary_record
2023-10-18 01:21:39,594 INFO    SenderThread:3106015 [sender.py:_save_file():1378] saving file wandb-summary.json with policy end
2023-10-18 01:21:39,666 INFO    Thread-73 :3106015 [dir_watcher.py:_on_file_modified():288] file/dir modified: /workspace/TCN/wandb/run-20231018_011933-oxg9ojzt/files/wandb-summary.json
2023-10-18 01:21:39,667 INFO    Thread-73 :3106015 [dir_watcher.py:_on_file_modified():288] file/dir modified: /workspace/TCN/wandb/run-20231018_011933-oxg9ojzt/files/output.log
2023-10-18 01:21:40,596 DEBUG   HandlerThread:3106015 [handler.py:handle_request():146] handle_request: status_report
2023-10-18 01:21:41,667 INFO    Thread-73 :3106015 [dir_watcher.py:_on_file_modified():288] file/dir modified: /workspace/TCN/wandb/run-20231018_011933-oxg9ojzt/files/output.log
2023-10-18 01:21:45,597 DEBUG   HandlerThread:3106015 [handler.py:handle_request():146] handle_request: status_report
2023-10-18 01:21:50,361 DEBUG   HandlerThread:3106015 [handler.py:handle_request():146] handle_request: internal_messages
2023-10-18 01:21:50,362 DEBUG   HandlerThread:3106015 [handler.py:handle_request():146] handle_request: keepalive
2023-10-18 01:21:50,362 DEBUG   HandlerThread:3106015 [handler.py:handle_request():146] handle_request: stop_status
2023-10-18 01:21:50,363 DEBUG   SenderThread:3106015 [sender.py:send_request():407] send_request: stop_status
2023-10-18 01:21:55,363 DEBUG   HandlerThread:3106015 [handler.py:handle_request():146] handle_request: keepalive
2023-10-18 01:22:00,360 DEBUG   HandlerThread:3106015 [handler.py:handle_request():146] handle_request: status_report
2023-10-18 01:22:01,715 DEBUG   SenderThread:3106015 [sender.py:send():380] send: stats
2023-10-18 01:22:05,361 DEBUG   HandlerThread:3106015 [handler.py:handle_request():146] handle_request: stop_status
2023-10-18 01:22:05,361 DEBUG   HandlerThread:3106015 [handler.py:handle_request():146] handle_request: internal_messages
2023-10-18 01:22:05,362 DEBUG   SenderThread:3106015 [sender.py:send_request():407] send_request: stop_status
2023-10-18 01:22:10,362 DEBUG   HandlerThread:3106015 [handler.py:handle_request():146] handle_request: keepalive
2023-10-18 01:22:15,363 DEBUG   HandlerThread:3106015 [handler.py:handle_request():146] handle_request: keepalive
2023-10-18 01:22:20,362 DEBUG   HandlerThread:3106015 [handler.py:handle_request():146] handle_request: internal_messages
2023-10-18 01:22:25,366 DEBUG   HandlerThread:3106015 [handler.py:handle_request():146] handle_request: keepalive
2023-10-18 01:22:30,367 DEBUG   HandlerThread:3106015 [handler.py:handle_request():146] handle_request: keepalive
2023-10-18 01:22:35,362 DEBUG   HandlerThread:3106015 [handler.py:handle_request():146] handle_request: internal_messages
2023-10-18 01:22:40,369 DEBUG   HandlerThread:3106015 [handler.py:handle_request():146] handle_request: keepalive
2023-10-18 01:22:45,370 DEBUG   HandlerThread:3106015 [handler.py:handle_request():146] handle_request: keepalive
2023-10-18 01:22:50,362 DEBUG   HandlerThread:3106015 [handler.py:handle_request():146] handle_request: internal_messages
2023-10-18 01:22:55,373 DEBUG   HandlerThread:3106015 [handler.py:handle_request():146] handle_request: keepalive
2023-10-18 01:23:00,374 DEBUG   HandlerThread:3106015 [handler.py:handle_request():146] handle_request: keepalive
2023-10-18 01:23:05,362 DEBUG   HandlerThread:3106015 [handler.py:handle_request():146] handle_request: internal_messages
2023-10-18 01:23:10,376 DEBUG   HandlerThread:3106015 [handler.py:handle_request():146] handle_request: keepalive
2023-10-18 01:23:15,377 DEBUG   HandlerThread:3106015 [handler.py:handle_request():146] handle_request: keepalive
2023-10-18 01:23:18,768 INFO    SenderThread:3106015 [retry.py:__call__():172] Retry attempt failed:
Traceback (most recent call last):
  File "/opt/conda/lib/python3.10/site-packages/urllib3/connectionpool.py", line 449, in _make_request
    six.raise_from(e, None)
  File "<string>", line 3, in raise_from
  File "/opt/conda/lib/python3.10/site-packages/urllib3/connectionpool.py", line 444, in _make_request
    httplib_response = conn.getresponse()
  File "/opt/conda/lib/python3.10/http/client.py", line 1374, in getresponse
    response.begin()
  File "/opt/conda/lib/python3.10/http/client.py", line 318, in begin
    version, status, reason = self._read_status()
  File "/opt/conda/lib/python3.10/http/client.py", line 279, in _read_status
    line = str(self.fp.readline(_MAXLINE + 1), "iso-8859-1")
  File "/opt/conda/lib/python3.10/socket.py", line 705, in readinto
    return self._sock.recv_into(b)
  File "/opt/conda/lib/python3.10/ssl.py", line 1274, in recv_into
    return self.read(nbytes, buffer)
  File "/opt/conda/lib/python3.10/ssl.py", line 1130, in read
    return self._sslobj.read(len, buffer)
TimeoutError: The read operation timed out

During handling of the above exception, another exception occurred:

Traceback (most recent call last):
  File "/opt/conda/lib/python3.10/site-packages/requests/adapters.py", line 486, in send
    resp = conn.urlopen(
  File "/opt/conda/lib/python3.10/site-packages/urllib3/connectionpool.py", line 787, in urlopen
    retries = retries.increment(
  File "/opt/conda/lib/python3.10/site-packages/urllib3/util/retry.py", line 550, in increment
    raise six.reraise(type(error), error, _stacktrace)
  File "/opt/conda/lib/python3.10/site-packages/urllib3/packages/six.py", line 770, in reraise
    raise value
  File "/opt/conda/lib/python3.10/site-packages/urllib3/connectionpool.py", line 703, in urlopen
    httplib_response = self._make_request(
  File "/opt/conda/lib/python3.10/site-packages/urllib3/connectionpool.py", line 451, in _make_request
    self._raise_timeout(err=e, url=url, timeout_value=read_timeout)
  File "/opt/conda/lib/python3.10/site-packages/urllib3/connectionpool.py", line 340, in _raise_timeout
    raise ReadTimeoutError(
urllib3.exceptions.ReadTimeoutError: HTTPSConnectionPool(host='api.wandb.ai', port=443): Read timed out. (read timeout=20)

During handling of the above exception, another exception occurred:

Traceback (most recent call last):
  File "/opt/conda/lib/python3.10/site-packages/wandb/sdk/lib/retry.py", line 131, in __call__
    result = self._call_fn(*args, **kwargs)
  File "/opt/conda/lib/python3.10/site-packages/wandb/sdk/internal/internal_api.py", line 366, in execute
    return self.client.execute(*args, **kwargs)  # type: ignore
  File "/opt/conda/lib/python3.10/site-packages/wandb/vendor/gql-0.2.0/wandb_gql/client.py", line 52, in execute
    result = self._get_result(document, *args, **kwargs)
  File "/opt/conda/lib/python3.10/site-packages/wandb/vendor/gql-0.2.0/wandb_gql/client.py", line 60, in _get_result
    return self.transport.execute(document, *args, **kwargs)
  File "/opt/conda/lib/python3.10/site-packages/wandb/sdk/lib/gql_request.py", line 58, in execute
    request = self.session.post(self.url, **post_args)
  File "/opt/conda/lib/python3.10/site-packages/requests/sessions.py", line 637, in post
    return self.request("POST", url, data=data, json=json, **kwargs)
  File "/opt/conda/lib/python3.10/site-packages/requests/sessions.py", line 589, in request
    resp = self.send(prep, **send_kwargs)
  File "/opt/conda/lib/python3.10/site-packages/requests/sessions.py", line 703, in send
    r = adapter.send(request, **kwargs)
  File "/opt/conda/lib/python3.10/site-packages/requests/adapters.py", line 532, in send
    raise ReadTimeout(e, request=request)
requests.exceptions.ReadTimeout: HTTPSConnectionPool(host='api.wandb.ai', port=443): Read timed out. (read timeout=20)
2023-10-18 01:23:20,362 DEBUG   HandlerThread:3106015 [handler.py:handle_request():146] handle_request: internal_messages
2023-10-18 01:23:21,029 WARNING FileStreamThread:3106015 [file_stream.py:request_with_retry():668] requests_with_retry encountered retryable exception: 500 Server Error: Internal Server Error for url: https://api.wandb.ai/files/dwryu/TCN/oxg9ojzt/file_stream. func: functools.partial(<bound method Session.post of <requests.sessions.Session object at 0x7f78b42a9690>>, timeout=180), args: ('https://api.wandb.ai/files/dwryu/TCN/oxg9ojzt/file_stream',), kwargs: {'json': {'files': {'output.log': {'offset': 0, 'content': ['ERROR 2023-10-18T01:21:40.866659 100%|| 100/100 [01:33<00:00,  1.06it/s]\n']}}, 'dropped': 0}}
2023-10-18 01:23:25,380 DEBUG   HandlerThread:3106015 [handler.py:handle_request():146] handle_request: keepalive
2023-10-18 01:23:30,381 DEBUG   HandlerThread:3106015 [handler.py:handle_request():146] handle_request: keepalive
2023-10-18 01:23:35,363 DEBUG   HandlerThread:3106015 [handler.py:handle_request():146] handle_request: internal_messages
2023-10-18 01:23:40,383 DEBUG   HandlerThread:3106015 [handler.py:handle_request():146] handle_request: keepalive
2023-10-18 01:23:45,384 DEBUG   HandlerThread:3106015 [handler.py:handle_request():146] handle_request: keepalive
2023-10-18 01:23:50,363 DEBUG   HandlerThread:3106015 [handler.py:handle_request():146] handle_request: internal_messages
2023-10-18 01:23:55,387 DEBUG   HandlerThread:3106015 [handler.py:handle_request():146] handle_request: keepalive
2023-10-18 01:24:00,388 DEBUG   HandlerThread:3106015 [handler.py:handle_request():146] handle_request: keepalive
2023-10-18 01:24:05,363 DEBUG   HandlerThread:3106015 [handler.py:handle_request():146] handle_request: internal_messages
2023-10-18 01:24:10,390 DEBUG   HandlerThread:3106015 [handler.py:handle_request():146] handle_request: keepalive
2023-10-18 01:24:12,282 DEBUG   HandlerThread:3106015 [handler.py:handle_request():146] handle_request: poll_exit
2023-10-18 01:24:17,284 DEBUG   HandlerThread:3106015 [handler.py:handle_request():146] handle_request: keepalive
2023-10-18 01:24:22,285 DEBUG   HandlerThread:3106015 [handler.py:handle_request():146] handle_request: keepalive
2023-10-18 01:24:27,287 DEBUG   HandlerThread:3106015 [handler.py:handle_request():146] handle_request: keepalive
2023-10-18 01:24:32,288 DEBUG   HandlerThread:3106015 [handler.py:handle_request():146] handle_request: keepalive
2023-10-18 01:24:37,289 DEBUG   HandlerThread:3106015 [handler.py:handle_request():146] handle_request: keepalive
2023-10-18 01:24:42,291 DEBUG   HandlerThread:3106015 [handler.py:handle_request():146] handle_request: keepalive
2023-10-18 01:24:47,292 DEBUG   HandlerThread:3106015 [handler.py:handle_request():146] handle_request: keepalive
2023-10-18 01:24:52,294 DEBUG   HandlerThread:3106015 [handler.py:handle_request():146] handle_request: keepalive
2023-10-18 01:24:57,295 DEBUG   HandlerThread:3106015 [handler.py:handle_request():146] handle_request: keepalive
2023-10-18 01:25:00,817 WARNING FileStreamThread:3106015 [file_stream.py:request_with_retry():668] requests_with_retry encountered retryable exception: 500 Server Error: Internal Server Error for url: https://api.wandb.ai/files/dwryu/TCN/oxg9ojzt/file_stream. func: functools.partial(<bound method Session.post of <requests.sessions.Session object at 0x7f78b42a9690>>, timeout=180), args: ('https://api.wandb.ai/files/dwryu/TCN/oxg9ojzt/file_stream',), kwargs: {'json': {'files': {'wandb-events.jsonl': {'offset': 2, 'content': ['{"system.network.sent": 1033928.33, "system.network.recv": 1087162.07, "system.proc.memory.availableMB": 177501.28, "system.memory": 31.1, "system.proc.memory.rssMB": 3146.15, "system.proc.memory.percent": 1.22, "system.cpu": 39.14, "system.cpu.0.cpu_percent": 17.35, "system.cpu.1.cpu_percent": 12.95, "system.cpu.2.cpu_percent": 6.68, "system.cpu.3.cpu_percent": 4.56, "system.cpu.4.cpu_percent": 3.86, "system.cpu.5.cpu_percent": 5.23, "system.cpu.6.cpu_percent": 3.81, "system.cpu.7.cpu_percent": 3.69, "system.cpu.8.cpu_percent": 5.58, "system.cpu.9.cpu_percent": 4.41, "system.cpu.10.cpu_percent": 4.34, "system.cpu.11.cpu_percent": 5.06, "system.cpu.12.cpu_percent": 5.69, "system.cpu.13.cpu_percent": 2.49, "system.cpu.14.cpu_percent": 3.64, "system.cpu.15.cpu_percent": 4.14, "system.cpu.16.cpu_percent": 74.52, "system.cpu.17.cpu_percent": 74.93, "system.cpu.18.cpu_percent": 75.21, "system.cpu.19.cpu_percent": 73.83, "system.cpu.20.cpu_percent": 75.55, "system.cpu.21.cpu_percent": 74.07, "system.cpu.22.cpu_percent": 74.45, "system.cpu.23.cpu_percent": 74.84, "system.cpu.24.cpu_percent": 76.87, "system.cpu.25.cpu_percent": 75.65, "system.cpu.26.cpu_percent": 73.96, "system.cpu.27.cpu_percent": 74.82, "system.cpu.28.cpu_percent": 75.24, "system.cpu.29.cpu_percent": 74.95, "system.cpu.30.cpu_percent": 75.77, "system.cpu.31.cpu_percent": 75.57, "system.cpu.32.cpu_percent": 4.89, "system.cpu.33.cpu_percent": 4.36, "system.cpu.34.cpu_percent": 4.6, "system.cpu.35.cpu_percent": 5.25, "system.cpu.36.cpu_percent": 7.43, "system.cpu.37.cpu_percent": 2.71, "system.cpu.38.cpu_percent": 5.49, "system.cpu.39.cpu_percent": 3.8, "system.cpu.40.cpu_percent": 1.77, "system.cpu.41.cpu_percent": 2.07, "system.cpu.42.cpu_percent": 3.07, "system.cpu.43.cpu_percent": 3.33, "system.cpu.44.cpu_percent": 5.75, "system.cpu.45.cpu_percent": 3.64, "system.cpu.46.cpu_percent": 3.49, "system.cpu.47.cpu_percent": 3.63, "system.cpu.48.cpu_percent": 76.23, "system.cpu.49.cpu_percent": 75.21, "system.cpu.50.cpu_percent": 74.55, "system.cpu.51.cpu_percent": 75.45, "system.cpu.52.cpu_percent": 73.41, "system.cpu.53.cpu_percent": 74.09, "system.cpu.54.cpu_percent": 76.08, "system.cpu.55.cpu_percent": 74.72, "system.cpu.56.cpu_percent": 75.79, "system.cpu.57.cpu_percent": 74.68, "system.cpu.58.cpu_percent": 73.53, "system.cpu.59.cpu_percent": 74.4, "system.cpu.60.cpu_percent": 74.71, "system.cpu.61.cpu_percent": 73.82, "system.cpu.62.cpu_percent": 74.25, "system.cpu.63.cpu_percent": 75.31, "system.proc.cpu.threads": 181, "system.disk.\\\\.usagePercent": 15.1, "system.disk.\\\\.usageGB": 65.9, "system.disk.in": 0.0, "system.disk.out": 6.25, "system.gpu.0.memoryAllocated": 2.37, "system.gpu.1.memoryAllocated": 1.38, "system.gpu.0.memoryAllocatedBytes": 610009088.0, "system.gpu.1.memoryAllocatedBytes": 354353152.0, "system.gpu.0.memory": 0.0, "system.gpu.1.memory": 0.0, "system.gpu.0.gpu": 0.07, "system.gpu.1.gpu": 0.0, "system.gpu.0.temp": 34.0, "system.gpu.1.temp": 34.27, "system.gpu.0.powerWatts": 26.22, "system.gpu.1.powerWatts": 22.78, "system.gpu.0.powerPercent": 7.49, "system.gpu.1.powerPercent": 6.51, "_wandb": true, "_timestamp": 1697592121.71286, "_runtime": 131.606726}']}}, 'dropped': 0}}
2023-10-18 01:25:02,297 DEBUG   HandlerThread:3106015 [handler.py:handle_request():146] handle_request: keepalive
2023-10-18 01:25:07,298 DEBUG   HandlerThread:3106015 [handler.py:handle_request():146] handle_request: keepalive
2023-10-18 01:25:12,299 DEBUG   HandlerThread:3106015 [handler.py:handle_request():146] handle_request: keepalive
2023-10-18 01:25:17,301 DEBUG   HandlerThread:3106015 [handler.py:handle_request():146] handle_request: keepalive
2023-10-18 01:25:22,302 DEBUG   HandlerThread:3106015 [handler.py:handle_request():146] handle_request: keepalive
2023-10-18 01:25:27,304 DEBUG   HandlerThread:3106015 [handler.py:handle_request():146] handle_request: keepalive
2023-10-18 01:25:32,305 DEBUG   HandlerThread:3106015 [handler.py:handle_request():146] handle_request: keepalive
2023-10-18 01:25:37,307 DEBUG   HandlerThread:3106015 [handler.py:handle_request():146] handle_request: keepalive
2023-10-18 01:25:42,308 DEBUG   HandlerThread:3106015 [handler.py:handle_request():146] handle_request: keepalive
2023-10-18 01:25:47,310 DEBUG   HandlerThread:3106015 [handler.py:handle_request():146] handle_request: keepalive
2023-10-18 01:25:58,330 WARNING FileStreamThread:3106015 [file_stream.py:request_with_retry():668] requests_with_retry encountered retryable exception: 500 Server Error: Internal Server Error for url: https://api.wandb.ai/files/dwryu/TCN/oxg9ojzt/file_stream. func: functools.partial(<bound method Session.post of <requests.sessions.Session object at 0x7f78b42a9690>>, timeout=180), args: ('https://api.wandb.ai/files/dwryu/TCN/oxg9ojzt/file_stream',), kwargs: {'json': {'files': {'wandb-events.jsonl': {'offset': 2, 'content': ['{"system.network.sent": 1033928.33, "system.network.recv": 1087162.07, "system.proc.memory.availableMB": 177501.28, "system.memory": 31.1, "system.proc.memory.rssMB": 3146.15, "system.proc.memory.percent": 1.22, "system.cpu": 39.14, "system.cpu.0.cpu_percent": 17.35, "system.cpu.1.cpu_percent": 12.95, "system.cpu.2.cpu_percent": 6.68, "system.cpu.3.cpu_percent": 4.56, "system.cpu.4.cpu_percent": 3.86, "system.cpu.5.cpu_percent": 5.23, "system.cpu.6.cpu_percent": 3.81, "system.cpu.7.cpu_percent": 3.69, "system.cpu.8.cpu_percent": 5.58, "system.cpu.9.cpu_percent": 4.41, "system.cpu.10.cpu_percent": 4.34, "system.cpu.11.cpu_percent": 5.06, "system.cpu.12.cpu_percent": 5.69, "system.cpu.13.cpu_percent": 2.49, "system.cpu.14.cpu_percent": 3.64, "system.cpu.15.cpu_percent": 4.14, "system.cpu.16.cpu_percent": 74.52, "system.cpu.17.cpu_percent": 74.93, "system.cpu.18.cpu_percent": 75.21, "system.cpu.19.cpu_percent": 73.83, "system.cpu.20.cpu_percent": 75.55, "system.cpu.21.cpu_percent": 74.07, "system.cpu.22.cpu_percent": 74.45, "system.cpu.23.cpu_percent": 74.84, "system.cpu.24.cpu_percent": 76.87, "system.cpu.25.cpu_percent": 75.65, "system.cpu.26.cpu_percent": 73.96, "system.cpu.27.cpu_percent": 74.82, "system.cpu.28.cpu_percent": 75.24, "system.cpu.29.cpu_percent": 74.95, "system.cpu.30.cpu_percent": 75.77, "system.cpu.31.cpu_percent": 75.57, "system.cpu.32.cpu_percent": 4.89, "system.cpu.33.cpu_percent": 4.36, "system.cpu.34.cpu_percent": 4.6, "system.cpu.35.cpu_percent": 5.25, "system.cpu.36.cpu_percent": 7.43, "system.cpu.37.cpu_percent": 2.71, "system.cpu.38.cpu_percent": 5.49, "system.cpu.39.cpu_percent": 3.8, "system.cpu.40.cpu_percent": 1.77, "system.cpu.41.cpu_percent": 2.07, "system.cpu.42.cpu_percent": 3.07, "system.cpu.43.cpu_percent": 3.33, "system.cpu.44.cpu_percent": 5.75, "system.cpu.45.cpu_percent": 3.64, "system.cpu.46.cpu_percent": 3.49, "system.cpu.47.cpu_percent": 3.63, "system.cpu.48.cpu_percent": 76.23, "system.cpu.49.cpu_percent": 75.21, "system.cpu.50.cpu_percent": 74.55, "system.cpu.51.cpu_percent": 75.45, "system.cpu.52.cpu_percent": 73.41, "system.cpu.53.cpu_percent": 74.09, "system.cpu.54.cpu_percent": 76.08, "system.cpu.55.cpu_percent": 74.72, "system.cpu.56.cpu_percent": 75.79, "system.cpu.57.cpu_percent": 74.68, "system.cpu.58.cpu_percent": 73.53, "system.cpu.59.cpu_percent": 74.4, "system.cpu.60.cpu_percent": 74.71, "system.cpu.61.cpu_percent": 73.82, "system.cpu.62.cpu_percent": 74.25, "system.cpu.63.cpu_percent": 75.31, "system.proc.cpu.threads": 181, "system.disk.\\\\.usagePercent": 15.1, "system.disk.\\\\.usageGB": 65.9, "system.disk.in": 0.0, "system.disk.out": 6.25, "system.gpu.0.memoryAllocated": 2.37, "system.gpu.1.memoryAllocated": 1.38, "system.gpu.0.memoryAllocatedBytes": 610009088.0, "system.gpu.1.memoryAllocatedBytes": 354353152.0, "system.gpu.0.memory": 0.0, "system.gpu.1.memory": 0.0, "system.gpu.0.gpu": 0.07, "system.gpu.1.gpu": 0.0, "system.gpu.0.temp": 34.0, "system.gpu.1.temp": 34.27, "system.gpu.0.powerWatts": 26.22, "system.gpu.1.powerWatts": 22.78, "system.gpu.0.powerPercent": 7.49, "system.gpu.1.powerPercent": 6.51, "_wandb": true, "_timestamp": 1697592121.71286, "_runtime": 131.606726}']}}, 'dropped': 0}}
2023-10-18 01:26:05,958 DEBUG   SenderThread:3106015 [sender.py:send():380] send: stats
2023-10-18 01:26:05,958 DEBUG   HandlerThread:3106015 [handler.py:handle_request():146] handle_request: status_report
2023-10-18 01:26:05,959 DEBUG   SenderThread:3106015 [sender.py:send():380] send: stats
2023-10-18 01:26:05,961 DEBUG   SenderThread:3106015 [sender.py:send():380] send: stats
2023-10-18 01:26:05,962 DEBUG   SenderThread:3106015 [sender.py:send():380] send: stats
2023-10-18 01:26:05,964 DEBUG   SenderThread:3106015 [sender.py:send():380] send: telemetry
2023-10-18 01:26:05,964 DEBUG   SenderThread:3106015 [sender.py:send():380] send: exit
2023-10-18 01:26:05,964 INFO    SenderThread:3106015 [sender.py:send_exit():585] handling exit code: 0
2023-10-18 01:26:05,964 INFO    SenderThread:3106015 [sender.py:send_exit():587] handling runtime: 249
2023-10-18 01:26:05,965 INFO    SenderThread:3106015 [sender.py:_save_file():1378] saving file wandb-summary.json with policy end
2023-10-18 01:26:05,965 INFO    SenderThread:3106015 [sender.py:send_exit():593] send defer
2023-10-18 01:26:05,966 DEBUG   SenderThread:3106015 [sender.py:send_request():407] send_request: poll_exit
2023-10-18 01:26:05,966 DEBUG   HandlerThread:3106015 [handler.py:handle_request():146] handle_request: defer
2023-10-18 01:26:05,966 DEBUG   SenderThread:3106015 [sender.py:send():380] send: stats
2023-10-18 01:26:05,966 INFO    HandlerThread:3106015 [handler.py:handle_request_defer():172] handle defer: 0
2023-10-18 01:26:05,967 DEBUG   SenderThread:3106015 [sender.py:send():380] send: stats
2023-10-18 01:26:05,969 DEBUG   SenderThread:3106015 [sender.py:send():380] send: stats
2023-10-18 01:26:05,970 DEBUG   SenderThread:3106015 [sender.py:send():380] send: stats
2023-10-18 01:26:05,971 DEBUG   SenderThread:3106015 [sender.py:send_request():407] send_request: defer
2023-10-18 01:26:05,971 INFO    SenderThread:3106015 [sender.py:send_request_defer():609] handle sender defer: 0
2023-10-18 01:26:05,971 INFO    SenderThread:3106015 [sender.py:transition_state():613] send defer: 1
2023-10-18 01:26:05,971 DEBUG   HandlerThread:3106015 [handler.py:handle_request():146] handle_request: defer
2023-10-18 01:26:05,971 INFO    HandlerThread:3106015 [handler.py:handle_request_defer():172] handle defer: 1
2023-10-18 01:26:05,972 DEBUG   SenderThread:3106015 [sender.py:send_request():407] send_request: defer
2023-10-18 01:26:05,972 INFO    SenderThread:3106015 [sender.py:send_request_defer():609] handle sender defer: 1
2023-10-18 01:26:05,972 INFO    SenderThread:3106015 [sender.py:transition_state():613] send defer: 2
2023-10-18 01:26:05,972 DEBUG   HandlerThread:3106015 [handler.py:handle_request():146] handle_request: defer
2023-10-18 01:26:05,973 INFO    HandlerThread:3106015 [handler.py:handle_request_defer():172] handle defer: 2
2023-10-18 01:26:05,973 INFO    HandlerThread:3106015 [system_monitor.py:finish():203] Stopping system monitor
2023-10-18 01:26:05,973 DEBUG   SystemMonitor:3106015 [system_monitor.py:_start():179] Finished system metrics aggregation loop
2023-10-18 01:26:05,974 INFO    HandlerThread:3106015 [interfaces.py:finish():202] Joined cpu monitor
2023-10-18 01:26:05,974 DEBUG   SystemMonitor:3106015 [system_monitor.py:_start():183] Publishing last batch of metrics
2023-10-18 01:26:05,975 INFO    HandlerThread:3106015 [interfaces.py:finish():202] Joined disk monitor
2023-10-18 01:26:06,012 INFO    HandlerThread:3106015 [interfaces.py:finish():202] Joined gpu monitor
2023-10-18 01:26:06,013 INFO    HandlerThread:3106015 [interfaces.py:finish():202] Joined memory monitor
2023-10-18 01:26:06,013 INFO    HandlerThread:3106015 [interfaces.py:finish():202] Joined network monitor
2023-10-18 01:26:06,014 DEBUG   SenderThread:3106015 [sender.py:send_request():407] send_request: defer
2023-10-18 01:26:06,014 INFO    SenderThread:3106015 [sender.py:send_request_defer():609] handle sender defer: 2
2023-10-18 01:26:06,014 INFO    SenderThread:3106015 [sender.py:transition_state():613] send defer: 3
2023-10-18 01:26:06,015 DEBUG   SenderThread:3106015 [sender.py:send():380] send: stats
2023-10-18 01:26:06,015 DEBUG   HandlerThread:3106015 [handler.py:handle_request():146] handle_request: defer
2023-10-18 01:26:06,016 INFO    HandlerThread:3106015 [handler.py:handle_request_defer():172] handle defer: 3
2023-10-18 01:26:06,017 DEBUG   SenderThread:3106015 [sender.py:send_request():407] send_request: defer
2023-10-18 01:26:06,017 INFO    SenderThread:3106015 [sender.py:send_request_defer():609] handle sender defer: 3
2023-10-18 01:26:06,017 INFO    SenderThread:3106015 [sender.py:transition_state():613] send defer: 4
2023-10-18 01:26:06,017 DEBUG   HandlerThread:3106015 [handler.py:handle_request():146] handle_request: defer
2023-10-18 01:26:06,017 INFO    HandlerThread:3106015 [handler.py:handle_request_defer():172] handle defer: 4
2023-10-18 01:26:06,018 DEBUG   SenderThread:3106015 [sender.py:send_request():407] send_request: defer
2023-10-18 01:26:06,018 INFO    SenderThread:3106015 [sender.py:send_request_defer():609] handle sender defer: 4
2023-10-18 01:26:06,018 INFO    SenderThread:3106015 [sender.py:transition_state():613] send defer: 5
2023-10-18 01:26:06,018 DEBUG   HandlerThread:3106015 [handler.py:handle_request():146] handle_request: defer
2023-10-18 01:26:06,018 INFO    HandlerThread:3106015 [handler.py:handle_request_defer():172] handle defer: 5
2023-10-18 01:26:06,019 DEBUG   SenderThread:3106015 [sender.py:send():380] send: summary
2023-10-18 01:26:06,020 INFO    SenderThread:3106015 [sender.py:_save_file():1378] saving file wandb-summary.json with policy end
2023-10-18 01:26:06,020 DEBUG   SenderThread:3106015 [sender.py:send_request():407] send_request: defer
2023-10-18 01:26:06,020 INFO    SenderThread:3106015 [sender.py:send_request_defer():609] handle sender defer: 5
2023-10-18 01:26:06,020 INFO    SenderThread:3106015 [sender.py:transition_state():613] send defer: 6
2023-10-18 01:26:06,021 DEBUG   HandlerThread:3106015 [handler.py:handle_request():146] handle_request: defer
2023-10-18 01:26:06,021 INFO    HandlerThread:3106015 [handler.py:handle_request_defer():172] handle defer: 6
2023-10-18 01:26:06,021 DEBUG   SenderThread:3106015 [sender.py:send_request():407] send_request: defer
2023-10-18 01:26:06,021 INFO    SenderThread:3106015 [sender.py:send_request_defer():609] handle sender defer: 6
2023-10-18 01:26:06,028 DEBUG   HandlerThread:3106015 [handler.py:handle_request():146] handle_request: status_report
2023-10-18 01:26:06,800 INFO    Thread-73 :3106015 [dir_watcher.py:_on_file_modified():288] file/dir modified: /workspace/TCN/wandb/run-20231018_011933-oxg9ojzt/files/wandb-summary.json
2023-10-18 01:26:07,801 INFO    Thread-73 :3106015 [dir_watcher.py:_on_file_modified():288] file/dir modified: /workspace/TCN/wandb/run-20231018_011933-oxg9ojzt/files/output.log
2023-10-18 01:27:04,519 WARNING StreamThr :3106015 [internal.py:is_dead():414] Internal process exiting, parent pid 3102821 disappeared
2023-10-18 01:27:04,519 ERROR   StreamThr :3106015 [internal.py:wandb_internal():152] Internal process shutdown.
2023-10-18 01:27:05,045 INFO    HandlerThread:3106015 [handler.py:finish():866] shutting down handler
2023-10-18 01:27:05,045 INFO    WriterThread:3106015 [datastore.py:close():294] close: /workspace/TCN/wandb/run-20231018_011933-oxg9ojzt/run-oxg9ojzt.wandb
2023-10-18 01:27:19,603 INFO    SenderThread:3106015 [retry.py:__call__():172] Retry attempt failed:
Traceback (most recent call last):
  File "/opt/conda/lib/python3.10/site-packages/urllib3/connectionpool.py", line 449, in _make_request
    six.raise_from(e, None)
  File "<string>", line 3, in raise_from
  File "/opt/conda/lib/python3.10/site-packages/urllib3/connectionpool.py", line 444, in _make_request
    httplib_response = conn.getresponse()
  File "/opt/conda/lib/python3.10/http/client.py", line 1374, in getresponse
    response.begin()
  File "/opt/conda/lib/python3.10/http/client.py", line 318, in begin
    version, status, reason = self._read_status()
  File "/opt/conda/lib/python3.10/http/client.py", line 279, in _read_status
    line = str(self.fp.readline(_MAXLINE + 1), "iso-8859-1")
  File "/opt/conda/lib/python3.10/socket.py", line 705, in readinto
    return self._sock.recv_into(b)
  File "/opt/conda/lib/python3.10/ssl.py", line 1274, in recv_into
    return self.read(nbytes, buffer)
  File "/opt/conda/lib/python3.10/ssl.py", line 1130, in read
    return self._sslobj.read(len, buffer)
TimeoutError: The read operation timed out

During handling of the above exception, another exception occurred:

Traceback (most recent call last):
  File "/opt/conda/lib/python3.10/site-packages/requests/adapters.py", line 486, in send
    resp = conn.urlopen(
  File "/opt/conda/lib/python3.10/site-packages/urllib3/connectionpool.py", line 787, in urlopen
    retries = retries.increment(
  File "/opt/conda/lib/python3.10/site-packages/urllib3/util/retry.py", line 550, in increment
    raise six.reraise(type(error), error, _stacktrace)
  File "/opt/conda/lib/python3.10/site-packages/urllib3/packages/six.py", line 770, in reraise
    raise value
  File "/opt/conda/lib/python3.10/site-packages/urllib3/connectionpool.py", line 703, in urlopen
    httplib_response = self._make_request(
  File "/opt/conda/lib/python3.10/site-packages/urllib3/connectionpool.py", line 451, in _make_request
    self._raise_timeout(err=e, url=url, timeout_value=read_timeout)
  File "/opt/conda/lib/python3.10/site-packages/urllib3/connectionpool.py", line 340, in _raise_timeout
    raise ReadTimeoutError(
urllib3.exceptions.ReadTimeoutError: HTTPSConnectionPool(host='api.wandb.ai', port=443): Read timed out. (read timeout=20)

During handling of the above exception, another exception occurred:

Traceback (most recent call last):
  File "/opt/conda/lib/python3.10/site-packages/wandb/sdk/lib/retry.py", line 131, in __call__
    result = self._call_fn(*args, **kwargs)
  File "/opt/conda/lib/python3.10/site-packages/wandb/sdk/internal/internal_api.py", line 366, in execute
    return self.client.execute(*args, **kwargs)  # type: ignore
  File "/opt/conda/lib/python3.10/site-packages/wandb/vendor/gql-0.2.0/wandb_gql/client.py", line 52, in execute
    result = self._get_result(document, *args, **kwargs)
  File "/opt/conda/lib/python3.10/site-packages/wandb/vendor/gql-0.2.0/wandb_gql/client.py", line 60, in _get_result
    return self.transport.execute(document, *args, **kwargs)
  File "/opt/conda/lib/python3.10/site-packages/wandb/sdk/lib/gql_request.py", line 58, in execute
    request = self.session.post(self.url, **post_args)
  File "/opt/conda/lib/python3.10/site-packages/requests/sessions.py", line 637, in post
    return self.request("POST", url, data=data, json=json, **kwargs)
  File "/opt/conda/lib/python3.10/site-packages/requests/sessions.py", line 589, in request
    resp = self.send(prep, **send_kwargs)
  File "/opt/conda/lib/python3.10/site-packages/requests/sessions.py", line 703, in send
    r = adapter.send(request, **kwargs)
  File "/opt/conda/lib/python3.10/site-packages/requests/adapters.py", line 532, in send
    raise ReadTimeout(e, request=request)
requests.exceptions.ReadTimeout: HTTPSConnectionPool(host='api.wandb.ai', port=443): Read timed out. (read timeout=20)
2023-10-18 01:27:19,604 ERROR   StreamThr :3106015 [internal.py:wandb_internal():174] Thread SenderThread:
Traceback (most recent call last):
  File "/opt/conda/lib/python3.10/site-packages/urllib3/connectionpool.py", line 449, in _make_request
    six.raise_from(e, None)
  File "<string>", line 3, in raise_from
  File "/opt/conda/lib/python3.10/site-packages/urllib3/connectionpool.py", line 444, in _make_request
    httplib_response = conn.getresponse()
  File "/opt/conda/lib/python3.10/http/client.py", line 1374, in getresponse
    response.begin()
  File "/opt/conda/lib/python3.10/http/client.py", line 318, in begin
    version, status, reason = self._read_status()
  File "/opt/conda/lib/python3.10/http/client.py", line 279, in _read_status
    line = str(self.fp.readline(_MAXLINE + 1), "iso-8859-1")
  File "/opt/conda/lib/python3.10/socket.py", line 705, in readinto
    return self._sock.recv_into(b)
  File "/opt/conda/lib/python3.10/ssl.py", line 1274, in recv_into
    return self.read(nbytes, buffer)
  File "/opt/conda/lib/python3.10/ssl.py", line 1130, in read
    return self._sslobj.read(len, buffer)
TimeoutError: The read operation timed out

During handling of the above exception, another exception occurred:

Traceback (most recent call last):
  File "/opt/conda/lib/python3.10/site-packages/requests/adapters.py", line 486, in send
    resp = conn.urlopen(
  File "/opt/conda/lib/python3.10/site-packages/urllib3/connectionpool.py", line 787, in urlopen
    retries = retries.increment(
  File "/opt/conda/lib/python3.10/site-packages/urllib3/util/retry.py", line 550, in increment
    raise six.reraise(type(error), error, _stacktrace)
  File "/opt/conda/lib/python3.10/site-packages/urllib3/packages/six.py", line 770, in reraise
    raise value
  File "/opt/conda/lib/python3.10/site-packages/urllib3/connectionpool.py", line 703, in urlopen
    httplib_response = self._make_request(
  File "/opt/conda/lib/python3.10/site-packages/urllib3/connectionpool.py", line 451, in _make_request
    self._raise_timeout(err=e, url=url, timeout_value=read_timeout)
  File "/opt/conda/lib/python3.10/site-packages/urllib3/connectionpool.py", line 340, in _raise_timeout
    raise ReadTimeoutError(
urllib3.exceptions.ReadTimeoutError: HTTPSConnectionPool(host='api.wandb.ai', port=443): Read timed out. (read timeout=20)

During handling of the above exception, another exception occurred:

Traceback (most recent call last):
  File "/opt/conda/lib/python3.10/site-packages/wandb/sdk/lib/retry.py", line 131, in __call__
    result = self._call_fn(*args, **kwargs)
  File "/opt/conda/lib/python3.10/site-packages/wandb/sdk/internal/internal_api.py", line 366, in execute
    return self.client.execute(*args, **kwargs)  # type: ignore
  File "/opt/conda/lib/python3.10/site-packages/wandb/vendor/gql-0.2.0/wandb_gql/client.py", line 52, in execute
    result = self._get_result(document, *args, **kwargs)
  File "/opt/conda/lib/python3.10/site-packages/wandb/vendor/gql-0.2.0/wandb_gql/client.py", line 60, in _get_result
    return self.transport.execute(document, *args, **kwargs)
  File "/opt/conda/lib/python3.10/site-packages/wandb/sdk/lib/gql_request.py", line 58, in execute
    request = self.session.post(self.url, **post_args)
  File "/opt/conda/lib/python3.10/site-packages/requests/sessions.py", line 637, in post
    return self.request("POST", url, data=data, json=json, **kwargs)
  File "/opt/conda/lib/python3.10/site-packages/requests/sessions.py", line 589, in request
    resp = self.send(prep, **send_kwargs)
  File "/opt/conda/lib/python3.10/site-packages/requests/sessions.py", line 703, in send
    r = adapter.send(request, **kwargs)
  File "/opt/conda/lib/python3.10/site-packages/requests/adapters.py", line 532, in send
    raise ReadTimeout(e, request=request)
requests.exceptions.ReadTimeout: HTTPSConnectionPool(host='api.wandb.ai', port=443): Read timed out. (read timeout=20)

During handling of the above exception, another exception occurred:

Traceback (most recent call last):
  File "/opt/conda/lib/python3.10/site-packages/wandb/apis/normalize.py", line 41, in wrapper
    return func(*args, **kwargs)
  File "/opt/conda/lib/python3.10/site-packages/wandb/sdk/internal/internal_api.py", line 2007, in upsert_run
    response = self.gql(
  File "/opt/conda/lib/python3.10/site-packages/wandb/sdk/internal/internal_api.py", line 338, in gql
    ret = self._retry_gql(
  File "/opt/conda/lib/python3.10/site-packages/wandb/sdk/lib/retry.py", line 183, in __call__
    wandb.termlog(
  File "/opt/conda/lib/python3.10/site-packages/wandb/errors/term.py", line 39, in termlog
    _log(
  File "/opt/conda/lib/python3.10/site-packages/wandb/errors/term.py", line 95, in _log
    click.echo(line, file=sys.stderr, nl=newline)
  File "/opt/conda/lib/python3.10/site-packages/click/utils.py", line 318, in echo
    file.write(out)  # type: ignore
BrokenPipeError: [Errno 32] Broken pipe

During handling of the above exception, another exception occurred:

Traceback (most recent call last):
  File "/opt/conda/lib/python3.10/site-packages/wandb/sdk/internal/internal_util.py", line 49, in run
    self._run()
  File "/opt/conda/lib/python3.10/site-packages/wandb/sdk/internal/internal_util.py", line 100, in _run
    self._process(record)
  File "/opt/conda/lib/python3.10/site-packages/wandb/sdk/internal/internal.py", line 328, in _process
    self._sm.send(record)
  File "/opt/conda/lib/python3.10/site-packages/wandb/sdk/internal/sender.py", line 387, in send
    send_handler(record)
  File "/opt/conda/lib/python3.10/site-packages/wandb/sdk/internal/sender.py", line 409, in send_request
    send_handler(record)
  File "/opt/conda/lib/python3.10/site-packages/wandb/sdk/internal/sender.py", line 635, in send_request_defer
    self.debounce(final=True)
  File "/opt/conda/lib/python3.10/site-packages/wandb/sdk/internal/sender.py", line 538, in debounce
    self._maybe_update_config(always=final)
  File "/opt/conda/lib/python3.10/site-packages/wandb/sdk/internal/sender.py", line 515, in _maybe_update_config
    self._debounce_config()
  File "/opt/conda/lib/python3.10/site-packages/wandb/sdk/internal/sender.py", line 544, in _debounce_config
    self._api.upsert_run(
  File "/opt/conda/lib/python3.10/site-packages/wandb/apis/normalize.py", line 87, in wrapper
    raise CommError(message, err).with_traceback(sys.exc_info()[2])
  File "/opt/conda/lib/python3.10/site-packages/wandb/apis/normalize.py", line 41, in wrapper
    return func(*args, **kwargs)
  File "/opt/conda/lib/python3.10/site-packages/wandb/sdk/internal/internal_api.py", line 2007, in upsert_run
    response = self.gql(
  File "/opt/conda/lib/python3.10/site-packages/wandb/sdk/internal/internal_api.py", line 338, in gql
    ret = self._retry_gql(
  File "/opt/conda/lib/python3.10/site-packages/wandb/sdk/lib/retry.py", line 183, in __call__
    wandb.termlog(
  File "/opt/conda/lib/python3.10/site-packages/wandb/errors/term.py", line 39, in termlog
    _log(
  File "/opt/conda/lib/python3.10/site-packages/wandb/errors/term.py", line 95, in _log
    click.echo(line, file=sys.stderr, nl=newline)
  File "/opt/conda/lib/python3.10/site-packages/click/utils.py", line 318, in echo
    file.write(out)  # type: ignore
wandb.errors.CommError: [Errno 32] Broken pipe
2023-10-18 01:27:20,617 INFO    MainThread:3106015 [internal.py:handle_exit():76] Internal process exited
2023-10-18 01:27:20,618 INFO    MainThread:3106015 [internal.py:handle_exit():76] Internal process exited
2023-10-18 01:27:20,618 INFO    MainThread:3106015 [internal.py:handle_exit():76] Internal process exited
2023-10-18 01:27:20,618 INFO    MainThread:3106015 [internal.py:handle_exit():76] Internal process exited
2023-10-18 01:27:20,618 INFO    MainThread:3106015 [internal.py:handle_exit():76] Internal process exited
2023-10-18 01:27:20,618 INFO    MainThread:3106015 [internal.py:handle_exit():76] Internal process exited
